[16:06:51] [main/INFO]: Loading tweak class name cpw.mods.fml.common.launcher.FMLTweaker
[16:06:51] [main/INFO]: Using primary tweak class name cpw.mods.fml.common.launcher.FMLTweaker
[16:06:51] [main/INFO]: Calling tweak class cpw.mods.fml.common.launcher.FMLTweaker
[16:06:51] [main/INFO]: Forge Mod Loader version 7.2.213.1133 for Minecraft 1.7.2 loading
[16:06:51] [main/INFO]: Java is Java HotSpot(TM) 64-Bit Server VM, version 1.7.0_40, running on Windows 7:amd64:6.1, installed at C:\Program Files\Java\jre7
[16:06:51] [main/INFO]: Managed to load a deobfuscated Minecraft name- we are in a deobfuscated environment. Skipping runtime deobfuscation
[16:06:51] [main/INFO]: Loading tweak class name cpw.mods.fml.common.launcher.FMLInjectionAndSortingTweaker
[16:06:51] [main/INFO]: Loading tweak class name cpw.mods.fml.common.launcher.FMLDeobfTweaker
[16:06:51] [main/INFO]: Calling tweak class cpw.mods.fml.common.launcher.FMLInjectionAndSortingTweaker
[16:06:51] [main/INFO]: Calling tweak class cpw.mods.fml.common.launcher.FMLInjectionAndSortingTweaker
[16:06:51] [main/INFO]: Calling tweak class cpw.mods.fml.relauncher.CoreModManager$FMLPluginWrapper
[16:06:51] [main/ERROR]: The binary patch set is missing. Either you are in a development environment, or things are not going to work!
[16:06:53] [main/ERROR]: The minecraft jar file:/C:/Users/Emma/.gradle/caches/minecraft/net/minecraftforge/forge/1.7.2-10.12.2.1133/forgeSrc-1.7.2-10.12.2.1133.jar!/net/minecraft/client/ClientBrandRetriever.class appears to be corrupt! There has been CRITICAL TAMPERING WITH MINECRAFT, it is highly unlikely minecraft will work! STOP NOW, get a clean copy and try again!
[16:06:53] [main/ERROR]: FML has been ordered to ignore the invalid or missing minecraft certificate. This is very likely to cause a problem!
[16:06:53] [main/ERROR]: Technical information: ClientBrandRetriever was at jar:file:/C:/Users/Emma/.gradle/caches/minecraft/net/minecraftforge/forge/1.7.2-10.12.2.1133/forgeSrc-1.7.2-10.12.2.1133.jar!/net/minecraft/client/ClientBrandRetriever.class, there were 0 certificates for it
[16:06:53] [main/ERROR]: FML appears to be missing any signature data. This is not a good thing
[16:06:53] [main/INFO]: Calling tweak class cpw.mods.fml.relauncher.CoreModManager$FMLPluginWrapper
[16:06:53] [main/INFO]: Calling tweak class cpw.mods.fml.common.launcher.FMLDeobfTweaker
[16:06:53] [main/INFO]: Launching wrapped minecraft {net.minecraft.client.main.Main}
[16:06:56] [main/INFO]: Setting user: Player77
[16:06:58] [Client thread/INFO]: LWJGL Version: 2.9.0
[16:06:58] [Client thread/INFO]: Attempting early MinecraftForge initialization
[16:06:58] [Client thread/INFO]: MinecraftForge v10.12.2.1133 Initialized
[16:06:58] [Client thread/INFO]: Replaced 182 ore recipies
[16:06:58] [Client thread/INFO]: Completed early MinecraftForge initialization
[16:06:59] [Client thread/INFO]: Searching C:\Users\Emma\Desktop\Modding\eclipse\mods for mods
[16:07:00] [Client thread/ERROR]: FML has detected a mod that is using a package name based on 'net.minecraft.src' : net.minecraft.src.FMLRenderAccessLibrary. This is generally a severe programming error.  There should be no mod code in the minecraft namespace. MOVE YOUR MOD! If you're in eclipse, select your source code and 'refactor' it into a new package. Go on. DO IT NOW!
[16:07:02] [Client thread/INFO]: Forge Mod Loader has identified 4 mods to load
[16:07:02] [Client thread/INFO]: Reloading ResourceManager: Default, FMLFileResourcePack:Forge Mod Loader, FMLFileResourcePack:Minecraft Forge, FMLFileResourcePack:Timer Mod
[16:07:03] [Client thread/INFO]: Processing ObjectHolder annotations
[16:07:03] [Client thread/INFO]: Found 341 ObjectHolder annotations
[16:07:03] [Client thread/INFO]: Configured a dormant chunk cache size of 0
[16:07:03] [Client thread/INFO]: Applying holder lookups
[16:07:03] [Client thread/INFO]: Holder lookups applied
[16:07:03] [Sound Library Loader/INFO]: Sound engine started
[16:07:05] [Client thread/INFO]: Created: 512x256 textures/blocks-atlas
[16:07:05] [Client thread/INFO]: Created: 256x256 textures/items-atlas
[16:07:05] [Client thread/INFO]: Forge Mod Loader has successfully loaded 4 mods
[16:07:05] [Client thread/INFO]: Reloading ResourceManager: Default, FMLFileResourcePack:Forge Mod Loader, FMLFileResourcePack:Minecraft Forge, FMLFileResourcePack:Timer Mod
[16:07:05] [Client thread/INFO]: Created: 256x256 textures/items-atlas
[16:07:06] [Client thread/INFO]: Created: 512x256 textures/blocks-atlas
[16:07:06] [Sound Library Loader/INFO]: Sound engine started
[16:07:08] [MCO Availability Checker #1/ERROR]: Couldn't connect to Realms
[16:08:04] [Client thread/INFO]: Stopping!
