#
# A fatal error has been detected by the Java Runtime Environment:
#
#  EXCEPTION_ACCESS_VIOLATION (0xc0000005) at pc=0x000000000f691559, pid=12108, tid=11456
#
# JRE version: Java(TM) SE Runtime Environment (7.0_40-b43) (build 1.7.0_40-b43)
# Java VM: Java HotSpot(TM) 64-Bit Server VM (24.0-b56 mixed mode windows-amd64 compressed oops)
# Problematic frame:
# C  [ig4icd64.dll+0x41559]
#
# Failed to write core dump. Minidumps are not enabled by default on client versions of Windows
#
# If you would like to submit a bug report, please visit:
#   http://bugreport.sun.com/bugreport/crash.jsp
# The crash happened outside the Java Virtual Machine in native code.
# See problematic frame for where to report the bug.
#

---------------  T H R E A D  ---------------

Current thread (0x0000000002169000):  JavaThread "Client thread" [_thread_in_native, id=11456, stack(0x0000000002420000,0x0000000002520000)]

siginfo: ExceptionCode=0xc0000005, reading address 0x0000000000000020

Registers:
RAX=0x0000000011c93530, RBX=0x0000000000000001, RCX=0x0000000011c93538, RDX=0x0000000000000088
RSP=0x000000000251e8e0, RBP=0x0000000020000004, RSI=0x0000000000000008, RDI=0x0000000000000000
R8 =0x0000000011c93520, R9 =0x0000000011c93530, R10=0x0000000000310158, R11=0x00000000001480d0
R12=0x0000000000000020, R13=0x0000000000000000, R14=0x0000000020000003, R15=0x00000000003983d8
RIP=0x000000000f691559, EFLAGS=0x0000000000010206

Top of Stack: (sp=0x000000000251e8e0)
0x000000000251e8e0:   0000000000000000 0000000011c93530
0x000000000251e8f0:   0000000000000008 0000000000385890
0x000000000251e900:   0000000011b41b70 fffffffffffffffe
0x000000000251e910:   0000000011ce04d0 0000000011ce1601
0x000000000251e920:   0000000000000000 0000000011b41b80
0x000000000251e930:   0000000011ce1660 0000000011c93530
0x000000000251e940:   0000000000000000 0000000011ce1660
0x000000000251e950:   0000000002169000 000000000251eb78
0x000000000251e960:   00000000fcc070a0 00000000108f1098
0x000000000251e970:   0000000000385890 0000000000000008
0x000000000251e980:   0000000000000001 000000000f69194f
0x000000000251e990:   0000000000000000 00000000003983d8
0x000000000251e9a0:   0000000020000003 0000000000385890
0x000000000251e9b0:   fffffffffffffffe 000007fefdbcb5a2
0x000000000251e9c0:   0000000000000001 000000000f6919c4
0x000000000251e9d0:   0000000000385890 0000000011b41b80 

Instructions: (pc=0x000000000f691559)
0x000000000f691539:   89 44 24 30 48 8d 4c 24 30 e8 89 4e 00 00 48 89
0x000000000f691549:   44 24 58 48 89 7c 24 60 41 8d 2c 1e 4d 8d 65 20
0x000000000f691559:   49 8b 3c 24 48 85 ff 0f 84 40 01 00 00 8b 77 0c
0x000000000f691569:   44 3b f6 76 08 4c 8b e7 e9 a4 00 00 00 44 8b 6f 


Register to memory mapping:

RAX=0x0000000011c93530 is an unknown value
RBX=0x0000000000000001 is an unknown value
RCX=0x0000000011c93538 is an unknown value
RDX=0x0000000000000088 is an unknown value
RSP=0x000000000251e8e0 is pointing into the stack for thread: 0x0000000002169000
RBP=0x0000000020000004 is an unknown value
RSI=0x0000000000000008 is an unknown value
RDI=0x0000000000000000 is an unknown value
R8 =0x0000000011c93520 is an unknown value
R9 =0x0000000011c93530 is an unknown value
R10=0x0000000000310158 is an unknown value
R11=0x00000000001480d0 is an unknown value
R12=0x0000000000000020 is an unknown value
R13=0x0000000000000000 is an unknown value
R14=0x0000000020000003 is an unknown value
R15=0x00000000003983d8 is an unknown value


Stack: [0x0000000002420000,0x0000000002520000],  sp=0x000000000251e8e0,  free space=1018k
Native frames: (J=compiled Java code, j=interpreted, Vv=VM code, C=native code)
C  [ig4icd64.dll+0x41559]

Java frames: (J=compiled Java code, j=interpreted, Vv=VM code)
j  org.lwjgl.opengl.WindowsContextImplementation.nDestroy(Ljava/nio/ByteBuffer;)V+0
j  org.lwjgl.opengl.WindowsContextImplementation.destroy(Lorg/lwjgl/opengl/PeerInfo;Ljava/nio/ByteBuffer;)V+1
j  org.lwjgl.opengl.ContextGL.checkDestroy()V+29
j  org.lwjgl.opengl.ContextGL.destroy()V+48
j  org.lwjgl.opengl.ContextGL.forceDestroy()V+5
j  org.lwjgl.opengl.DrawableGL.destroy()V+24
j  org.lwjgl.opengl.Display$5.destroy()V+19
j  org.lwjgl.opengl.Display.destroy()V+9
j  net.minecraft.client.Minecraft.shutdownMinecraftApplet()V+37
j  net.minecraft.client.Minecraft.run()V+101
j  net.minecraft.client.main.Main.main([Ljava/lang/String;)V+819
v  ~StubRoutines::call_stub
j  sun.reflect.NativeMethodAccessorImpl.invoke0(Ljava/lang/reflect/Method;Ljava/lang/Object;[Ljava/lang/Object;)Ljava/lang/Object;+0
j  sun.reflect.NativeMethodAccessorImpl.invoke(Ljava/lang/Object;[Ljava/lang/Object;)Ljava/lang/Object;+87
j  sun.reflect.DelegatingMethodAccessorImpl.invoke(Ljava/lang/Object;[Ljava/lang/Object;)Ljava/lang/Object;+6
j  java.lang.reflect.Method.invoke(Ljava/lang/Object;[Ljava/lang/Object;)Ljava/lang/Object;+57
j  net.minecraft.launchwrapper.Launch.launch([Ljava/lang/String;)V+664
j  net.minecraft.launchwrapper.Launch.main([Ljava/lang/String;)V+8
v  ~StubRoutines::call_stub

---------------  P R O C E S S  ---------------

Java Threads: ( => current thread )
  0x000000000caaf000 JavaThread "LWJGL Timer" daemon [_thread_blocked, id=11372, stack(0x00000000150c0000,0x00000000151c0000)]
  0x0000000014ddc800 JavaThread "MCO Availability Checker #1" [_thread_in_native, id=2124, stack(0x0000000015400000,0x0000000015500000)]
  0x000000000d66c800 JavaThread "Java2D Disposer" daemon [_thread_blocked, id=10068, stack(0x000000000e3e0000,0x000000000e4e0000)]
  0x000000000d66d800 JavaThread "Timer hack thread" daemon [_thread_blocked, id=10964, stack(0x000000000c0f0000,0x000000000c1f0000)]
  0x000000000d4b0000 JavaThread "Snooper Timer" daemon [_thread_in_native, id=1828, stack(0x000000000e270000,0x000000000e370000)]
  0x000000000a177000 JavaThread "Service Thread" daemon [_thread_blocked, id=7476, stack(0x000000000b090000,0x000000000b190000)]
  0x000000000a162800 JavaThread "C2 CompilerThread1" daemon [_thread_blocked, id=9564, stack(0x000000000aee0000,0x000000000afe0000)]
  0x000000000a15e000 JavaThread "C2 CompilerThread0" daemon [_thread_blocked, id=7576, stack(0x000000000ac70000,0x000000000ad70000)]
  0x000000000a15d000 JavaThread "Attach Listener" daemon [_thread_blocked, id=2876, stack(0x000000000aa70000,0x000000000ab70000)]
  0x000000000a15c800 JavaThread "Signal Dispatcher" daemon [_thread_blocked, id=6604, stack(0x0000000009ac0000,0x0000000009bc0000)]
  0x000000000a15b800 JavaThread "Surrogate Locker Thread (Concurrent GC)" daemon [_thread_blocked, id=6516, stack(0x000000000a8b0000,0x000000000a9b0000)]
  0x000000000a106800 JavaThread "Finalizer" daemon [_thread_blocked, id=4900, stack(0x000000000a6d0000,0x000000000a7d0000)]
  0x000000000a0ff800 JavaThread "Reference Handler" daemon [_thread_blocked, id=3188, stack(0x000000000a5c0000,0x000000000a6c0000)]
=>0x0000000002169000 JavaThread "Client thread" [_thread_in_native, id=11456, stack(0x0000000002420000,0x0000000002520000)]

Other Threads:
  0x000000000a0fc800 VMThread [stack: 0x0000000009f90000,0x000000000a090000] [id=10152]
  0x000000000a181800 WatcherThread [stack: 0x000000000b1c0000,0x000000000b2c0000] [id=4516]

VM state:not at safepoint (normal execution)

VM Mutex/Monitor currently owned by a thread: None

Heap
 par new generation   total 306688K, used 140412K [0x00000000bae00000, 0x00000000cfac0000, 0x00000000cfac0000)
  eden space 272640K,  47% used [0x00000000bae00000, 0x00000000c2b7aef8, 0x00000000cb840000)
  from space 34048K,  35% used [0x00000000cb840000, 0x00000000cc3e44a8, 0x00000000cd980000)
  to   space 34048K,   0% used [0x00000000cd980000, 0x00000000cd980000, 0x00000000cfac0000)
 concurrent mark-sweep generation total 707840K, used 47821K [0x00000000cfac0000, 0x00000000fae00000, 0x00000000fae00000)
 concurrent-mark-sweep perm gen total 65656K, used 39628K [0x00000000fae00000, 0x00000000fee1e000, 0x0000000100000000)

Card table byte_map: [0x0000000005b80000,0x0000000005db0000] byte_map_base: 0x00000000055a9000

Polling page: 0x0000000000230000

Code Cache  [0x0000000002520000, 0x0000000002880000, 0x0000000005520000)
 total_blobs=1530 nmethods=912 adapters=570 free_code_cache=45800Kb largest_free_block=46846784

Compilation events (10 events):
Event: 34.840 Thread 0x000000000a162800 nmethod 1013 0x0000000002864290 code [0x00000000028643e0, 0x0000000002864738]
Event: 34.840 Thread 0x000000000a162800 1014  s          com.jcraft.jorbis.Mdct::backward (468 bytes)
Event: 34.855 Thread 0x000000000a15e000 nmethod 1009 0x000000000286c090 code [0x000000000286c340, 0x000000000286ece0]
Event: 34.856 Thread 0x000000000a15e000 1015 % !         paulscode.sound.codecs.CodecJOrbis::readBytes @ 262 (537 bytes)
Event: 34.864 Thread 0x000000000a162800 nmethod 1014 0x0000000002864dd0 code [0x0000000002864f60, 0x0000000002865da8]
Event: 34.865 Thread 0x000000000a162800 1016 %           com.jcraft.jorbis.Mdct::mdct_kernel @ 250 (631 bytes)
Event: 34.876 Thread 0x000000000a15e000 nmethod 1015% 0x000000000286a690 code [0x000000000286a8e0, 0x000000000286b428]
Event: 34.876 Thread 0x000000000a15e000 1017             com.jcraft.jorbis.Floor1::inverse2 (212 bytes)
Event: 34.888 Thread 0x000000000a15e000 nmethod 1017 0x0000000002860610 code [0x0000000002860780, 0x0000000002860c68]
Event: 34.889 Thread 0x000000000a162800 nmethod 1016% 0x0000000002871350 code [0x00000000028714e0, 0x00000000028723b8]

GC Heap History (8 events):
Event: 15.048 GC heap before
{Heap before GC invocations=0 (full 0):
 par new generation   total 306688K, used 272640K [0x00000000bae00000, 0x00000000cfac0000, 0x00000000cfac0000)
  eden space 272640K, 100% used [0x00000000bae00000, 0x00000000cb840000, 0x00000000cb840000)
  from space 34048K,   0% used [0x00000000cb840000, 0x00000000cb840000, 0x00000000cd980000)
  to   space 34048K,   0% used [0x00000000cd980000, 0x00000000cd980000, 0x00000000cfac0000)
 concurrent mark-sweep generation total 707840K, used 0K [0x00000000cfac0000, 0x00000000fae00000, 0x00000000fae00000)
 concurrent-mark-sweep perm gen total 26432K, used 26290K [0x00000000fae00000, 0x00000000fc7d0000, 0x0000000100000000)
Event: 15.126 GC heap after
Heap after GC invocations=1 (full 0):
 par new generation   total 306688K, used 34048K [0x00000000bae00000, 0x00000000cfac0000, 0x00000000cfac0000)
  eden space 272640K,   0% used [0x00000000bae00000, 0x00000000bae00000, 0x00000000cb840000)
  from space 34048K, 100% used [0x00000000cd980000, 0x00000000cfac0000, 0x00000000cfac0000)
  to   space 34048K,   0% used [0x00000000cb840000, 0x00000000cb840000, 0x00000000cd980000)
 concurrent mark-sweep generation total 707840K, used 1895K [0x00000000cfac0000, 0x00000000fae00000, 0x00000000fae00000)
 concurrent-mark-sweep perm gen total 26432K, used 26290K [0x00000000fae00000, 0x00000000fc7d0000, 0x0000000100000000)
}
Event: 23.434 GC heap before
{Heap before GC invocations=1 (full 1):
 par new generation   total 306688K, used 306688K [0x00000000bae00000, 0x00000000cfac0000, 0x00000000cfac0000)
  eden space 272640K, 100% used [0x00000000bae00000, 0x00000000cb840000, 0x00000000cb840000)
  from space 34048K, 100% used [0x00000000cd980000, 0x00000000cfac0000, 0x00000000cfac0000)
  to   space 34048K,   0% used [0x00000000cb840000, 0x00000000cb840000, 0x00000000cd980000)
 concurrent mark-sweep generation total 707840K, used 1895K [0x00000000cfac0000, 0x00000000fae00000, 0x00000000fae00000)
 concurrent-mark-sweep perm gen total 33344K, used 33224K [0x00000000fae00000, 0x00000000fce90000, 0x0000000100000000)
Event: 23.616 GC heap after
Heap after GC invocations=2 (full 1):
 par new generation   total 306688K, used 34048K [0x00000000bae00000, 0x00000000cfac0000, 0x00000000cfac0000)
  eden space 272640K,   0% used [0x00000000bae00000, 0x00000000bae00000, 0x00000000cb840000)
  from space 34048K, 100% used [0x00000000cb840000, 0x00000000cd980000, 0x00000000cd980000)
  to   space 34048K,   0% used [0x00000000cd980000, 0x00000000cd980000, 0x00000000cfac0000)
 concurrent mark-sweep generation total 707840K, used 35278K [0x00000000cfac0000, 0x00000000fae00000, 0x00000000fae00000)
 concurrent-mark-sweep perm gen total 33344K, used 33224K [0x00000000fae00000, 0x00000000fce90000, 0x0000000100000000)
}
Event: 27.469 GC heap before
{Heap before GC invocations=2 (full 1):
 par new generation   total 306688K, used 297137K [0x00000000bae00000, 0x00000000cfac0000, 0x00000000cfac0000)
  eden space 272640K,  96% used [0x00000000bae00000, 0x00000000caeec598, 0x00000000cb840000)
  from space 34048K, 100% used [0x00000000cb840000, 0x00000000cd980000, 0x00000000cd980000)
  to   space 34048K,   0% used [0x00000000cd980000, 0x00000000cd980000, 0x00000000cfac0000)
 concurrent mark-sweep generation total 707840K, used 35278K [0x00000000cfac0000, 0x00000000fae00000, 0x00000000fae00000)
 concurrent-mark-sweep perm gen total 55384K, used 35625K [0x00000000fae00000, 0x00000000fe416000, 0x0000000100000000)
Event: 27.539 GC heap after
Heap after GC invocations=3 (full 1):
 par new generation   total 306688K, used 34048K [0x00000000bae00000, 0x00000000cfac0000, 0x00000000cfac0000)
  eden space 272640K,   0% used [0x00000000bae00000, 0x00000000bae00000, 0x00000000cb840000)
  from space 34048K, 100% used [0x00000000cd980000, 0x00000000cfac0000, 0x00000000cfac0000)
  to   space 34048K,   0% used [0x00000000cb840000, 0x00000000cb840000, 0x00000000cd980000)
 concurrent mark-sweep generation total 707840K, used 59622K [0x00000000cfac0000, 0x00000000fae00000, 0x00000000fae00000)
 concurrent-mark-sweep perm gen total 55384K, used 35625K [0x00000000fae00000, 0x00000000fe416000, 0x0000000100000000)
}
Event: 29.986 GC heap before
{Heap before GC invocations=3 (full 2):
 par new generation   total 306688K, used 290846K [0x00000000bae00000, 0x00000000cfac0000, 0x00000000cfac0000)
  eden space 272640K,  94% used [0x00000000bae00000, 0x00000000ca8c7820, 0x00000000cb840000)
  from space 34048K, 100% used [0x00000000cd980000, 0x00000000cfac0000, 0x00000000cfac0000)
  to   space 34048K,   0% used [0x00000000cb840000, 0x00000000cb840000, 0x00000000cd980000)
 concurrent mark-sweep generation total 707840K, used 59622K [0x00000000cfac0000, 0x00000000fae00000, 0x00000000fae00000)
 concurrent-mark-sweep perm gen total 55384K, used 37405K [0x00000000fae00000, 0x00000000fe416000, 0x0000000100000000)
Event: 30.011 GC heap after
Heap after GC invocations=4 (full 2):
 par new generation   total 306688K, used 11921K [0x00000000bae00000, 0x00000000cfac0000, 0x00000000cfac0000)
  eden space 272640K,   0% used [0x00000000bae00000, 0x00000000bae00000, 0x00000000cb840000)
  from space 34048K,  35% used [0x00000000cb840000, 0x00000000cc3e44a8, 0x00000000cd980000)
  to   space 34048K,   0% used [0x00000000cd980000, 0x00000000cd980000, 0x00000000cfac0000)
 concurrent mark-sweep generation total 707840K, used 66008K [0x00000000cfac0000, 0x00000000fae00000, 0x00000000fae00000)
 concurrent-mark-sweep perm gen total 55384K, used 37405K [0x00000000fae00000, 0x00000000fe416000, 0x0000000100000000)
}

Deoptimization events (10 events):
Event: 30.517 Thread 0x0000000014ddc800 Uncommon trap: reason=class_check action=maybe_recompile pc=0x00000000027a72c0 method=java.io.DataInputStream.readFully([BII)V @ 34
Event: 30.519 Thread 0x0000000014ddc800 Uncommon trap: reason=class_check action=maybe_recompile pc=0x00000000027a72c0 method=java.io.DataInputStream.readFully([BII)V @ 34
Event: 30.520 Thread 0x0000000014ddc800 Uncommon trap: reason=class_check action=maybe_recompile pc=0x00000000027a72c0 method=java.io.DataInputStream.readFully([BII)V @ 34
Event: 30.521 Thread 0x0000000014ddc800 Uncommon trap: reason=class_check action=maybe_recompile pc=0x00000000027a72c0 method=java.io.DataInputStream.readFully([BII)V @ 34
Event: 31.815 Thread 0x0000000014ddc800 Uncommon trap: reason=bimorphic action=maybe_recompile pc=0x000000000268fae4 method=java.net.URL.<init>(Ljava/net/URL;Ljava/lang/String;Ljava/net/URLStreamHandler;)V @ 504
Event: 31.995 Thread 0x0000000014ddc800 Uncommon trap: reason=bimorphic action=maybe_recompile pc=0x00000000025a9d28 method=java.util.regex.Matcher.match(II)Z @ 86
Event: 31.996 Thread 0x0000000014ddc800 Uncommon trap: reason=bimorphic action=maybe_recompile pc=0x00000000025a9d28 method=java.util.regex.Matcher.match(II)Z @ 86
Event: 31.996 Thread 0x0000000014ddc800 Uncommon trap: reason=bimorphic action=maybe_recompile pc=0x00000000025a9d28 method=java.util.regex.Matcher.match(II)Z @ 86
Event: 31.996 Thread 0x0000000014ddc800 Uncommon trap: reason=bimorphic action=maybe_recompile pc=0x00000000026f8430 method=java.util.regex.Matcher.match(II)Z @ 86
Event: 34.631 Thread 0x000000000ec62000 Uncommon trap: reason=bimorphic action=maybe_recompile pc=0x00000000026311cc method=java.net.URL.openConnection()Ljava/net/URLConnection; @ 5

Internal exceptions (10 events):
Event: 30.126 Thread 0x000000000ec62000 Threw 0x00000000bf407950 at C:\jdk7u2_64p\jdk7u40\hotspot\src\share\vm\prims\jvm.cpp:2965
Event: 30.220 Thread 0x0000000002169000 Threw 0x00000000bbfa6b28 at C:\jdk7u2_64p\jdk7u40\hotspot\src\share\vm\interpreter\linkResolver.cpp:883
Event: 30.266 Thread 0x0000000002169000 Threw 0x00000000bc0a9e28 at C:\jdk7u2_64p\jdk7u40\hotspot\src\share\vm\prims\jvm.cpp:1244
Event: 30.267 Thread 0x0000000002169000 Threw 0x00000000bc0ae890 at C:\jdk7u2_64p\jdk7u40\hotspot\src\share\vm\prims\jvm.cpp:1244
Event: 30.268 Thread 0x0000000002169000 Threw 0x00000000bc0b3438 at C:\jdk7u2_64p\jdk7u40\hotspot\src\share\vm\prims\jvm.cpp:1244
Event: 30.847 Thread 0x000000000d441000 Threw 0x00000000c1c15ef0 at C:\jdk7u2_64p\jdk7u40\hotspot\src\share\vm\prims\jni.cpp:743
Event: 34.601 Thread 0x000000000ec62000 Threw 0x00000000bf407ac0 at C:\jdk7u2_64p\jdk7u40\hotspot\src\share\vm\prims\jvm.cpp:2965
Event: 34.773 Thread 0x000000000ec62000 Threw 0x00000000c29a7348 at C:\jdk7u2_64p\jdk7u40\hotspot\src\share\vm\prims\jvm.cpp:2965
Event: 34.773 Thread 0x000000000ec62000 Threw 0x00000000c29a74b8 at C:\jdk7u2_64p\jdk7u40\hotspot\src\share\vm\prims\jvm.cpp:2965
Event: 34.873 Thread 0x000000000c459000 Threw 0x00000000c29b48d0 at C:\jdk7u2_64p\jdk7u40\hotspot\src\share\vm\prims\jvm.cpp:2965

Events (10 events):
Event: 34.708 loading class 0x000000001476dce0
Event: 34.708 loading class 0x000000001476dce0 done
Event: 34.709 loading class 0x000000000c6ecf40
Event: 34.710 loading class 0x000000000c6ecf40 done
Event: 34.773 Thread 0x000000000ec62000 Thread exited: 0x000000000ec62000
Event: 34.872 Executing VM operation: RevokeBias
Event: 34.873 Executing VM operation: RevokeBias done
Event: 34.873 Thread 0x000000000c459000 Thread exited: 0x000000000c459000
Event: 34.980 Executing VM operation: RevokeBias
Event: 34.980 Executing VM operation: RevokeBias done


Dynamic libraries:
0x000000013f050000 - 0x000000013f083000 	C:\Program Files\Java\jre7\bin\javaw.exe
0x0000000077ab0000 - 0x0000000077c59000 	C:\Windows\SYSTEM32\ntdll.dll
0x0000000077890000 - 0x00000000779af000 	C:\Windows\system32\kernel32.dll
0x000007fefdbb0000 - 0x000007fefdc1c000 	C:\Windows\system32\KERNELBASE.dll
0x000007fefeca0000 - 0x000007fefed7b000 	C:\Windows\system32\ADVAPI32.dll
0x000007fefe000000 - 0x000007fefe09f000 	C:\Windows\system32\msvcrt.dll
0x000007fefe960000 - 0x000007fefe97f000 	C:\Windows\SYSTEM32\sechost.dll
0x000007fefdeb0000 - 0x000007fefdfdd000 	C:\Windows\system32\RPCRT4.dll
0x00000000779b0000 - 0x0000000077aaa000 	C:\Windows\system32\USER32.dll
0x000007fefead0000 - 0x000007fefeb37000 	C:\Windows\system32\GDI32.dll
0x000007feffdb0000 - 0x000007feffdbe000 	C:\Windows\system32\LPK.dll
0x000007fefdca0000 - 0x000007fefdd69000 	C:\Windows\system32\USP10.dll
0x000007fefc490000 - 0x000007fefc684000 	C:\Windows\WinSxS\amd64_microsoft.windows.common-controls_6595b64144ccf1df_6.0.7601.17514_none_fa396087175ac9ac\COMCTL32.dll
0x000007fefea20000 - 0x000007fefea91000 	C:\Windows\system32\SHLWAPI.dll
0x000007fefeaa0000 - 0x000007fefeace000 	C:\Windows\system32\IMM32.DLL
0x000007fefe800000 - 0x000007fefe909000 	C:\Windows\system32\MSCTF.dll
0x0000000060e20000 - 0x0000000060ef1000 	C:\Program Files\Java\jre7\bin\msvcr100.dll
0x0000000051190000 - 0x0000000051959000 	C:\Program Files\Java\jre7\bin\server\jvm.dll
0x000007fef04d0000 - 0x000007fef04d9000 	C:\Windows\system32\WSOCK32.dll
0x000007fefe910000 - 0x000007fefe95d000 	C:\Windows\system32\WS2_32.dll
0x000007feffda0000 - 0x000007feffda8000 	C:\Windows\system32\NSI.dll
0x000007fefbb20000 - 0x000007fefbb5b000 	C:\Windows\system32\WINMM.dll
0x0000000077c80000 - 0x0000000077c87000 	C:\Windows\system32\PSAPI.DLL
0x0000000074950000 - 0x000000007495f000 	C:\Program Files\Java\jre7\bin\verify.dll
0x0000000060df0000 - 0x0000000060e18000 	C:\Program Files\Java\jre7\bin\java.dll
0x0000000060cc0000 - 0x0000000060cd5000 	C:\Program Files\Java\jre7\bin\zip.dll
0x0000000070100000 - 0x000000007010b000 	C:\Program Files\Java\jre7\bin\management.dll
0x0000000065400000 - 0x0000000065419000 	C:\Program Files\Java\jre7\bin\net.dll
0x000007fefd0c0000 - 0x000007fefd115000 	C:\Windows\system32\mswsock.dll
0x000007fefd0b0000 - 0x000007fefd0b7000 	C:\Windows\System32\wship6.dll
0x000000005f410000 - 0x000000005f421000 	C:\Program Files\Java\jre7\bin\nio.dll
0x000007fefbb00000 - 0x000007fefbb15000 	C:\Windows\system32\NLAapi.dll
0x000007fef8360000 - 0x000007fef8375000 	C:\Windows\system32\napinsp.dll
0x000007fef0c30000 - 0x000007fef0c49000 	C:\Windows\system32\pnrpnsp.dll
0x000007fefcf40000 - 0x000007fefcf9b000 	C:\Windows\system32\DNSAPI.dll
0x000007fef4d20000 - 0x000007fef4d2b000 	C:\Windows\System32\winrnr.dll
0x000007fef4ca0000 - 0x000007fef4cb0000 	C:\Windows\system32\wshbth.dll
0x000007fefa170000 - 0x000007fefa19e000 	C:\Program Files\Common Files\Microsoft Shared\Windows Live\WLIDNSP.DLL
0x00000000724a0000 - 0x00000000724c6000 	C:\Program Files\Bonjour\mdnsNSP.dll
0x000007fefafa0000 - 0x000007fefafc7000 	C:\Windows\system32\Iphlpapi.DLL
0x000007fefb080000 - 0x000007fefb08b000 	C:\Windows\system32\WINNSI.DLL
0x000007fefca50000 - 0x000007fefca57000 	C:\Windows\System32\wshtcpip.dll
0x000007fefa160000 - 0x000007fefa168000 	C:\Windows\system32\rasadhlp.dll
0x000007fefb020000 - 0x000007fefb073000 	C:\Windows\System32\fwpuclnt.dll
0x0000000180000000 - 0x0000000180050000 	C:\Users\Emma\Desktop\Modding\build\natives\lwjgl64.dll
0x000007fefb740000 - 0x000007fefb85d000 	C:\Windows\system32\OPENGL32.dll
0x000007fefc6a0000 - 0x000007fefc6cd000 	C:\Windows\system32\GLU32.dll
0x000007fef6980000 - 0x000007fef6a71000 	C:\Windows\system32\DDRAW.dll
0x000007fefc690000 - 0x000007fefc698000 	C:\Windows\system32\DCIMAN32.dll
0x000007fefe350000 - 0x000007fefe527000 	C:\Windows\system32\SETUPAPI.dll
0x000007fefdc20000 - 0x000007fefdc56000 	C:\Windows\system32\CFGMGR32.dll
0x000007fefddd0000 - 0x000007fefdea7000 	C:\Windows\system32\OLEAUT32.dll
0x000007feffb90000 - 0x000007feffd93000 	C:\Windows\system32\ole32.dll
0x000007fefda90000 - 0x000007fefdaaa000 	C:\Windows\system32\DEVOBJ.dll
0x000007fefb6a0000 - 0x000007fefb6b8000 	C:\Windows\system32\dwmapi.dll
0x000007fefc980000 - 0x000007fefc98c000 	C:\Windows\system32\VERSION.dll
0x000007fefd120000 - 0x000007fefd137000 	C:\Windows\system32\CRYPTSP.dll
0x000007fefce20000 - 0x000007fefce67000 	C:\Windows\system32\rsaenh.dll
0x000007fefdc70000 - 0x000007fefdc8e000 	C:\Windows\system32\USERENV.dll
0x000007fefd8f0000 - 0x000007fefd8ff000 	C:\Windows\system32\profapi.dll
0x000007fefd780000 - 0x000007fefd78f000 	C:\Windows\system32\CRYPTBASE.dll
0x000000005ecb0000 - 0x000000005ee45000 	C:\Program Files\Java\jre7\bin\awt.dll
0x000007fefc2b0000 - 0x000007fefc306000 	C:\Windows\system32\uxtheme.dll
0x000000000f650000 - 0x0000000010785000 	C:\Windows\system32\ig4icd64.dll
0x000007feedaa0000 - 0x000007feedb3c000 	C:\Windows\system32\mscms.dll
0x000007fef7490000 - 0x000007fef74d2000 	C:\Windows\system32\icm32.dll
0x00000000059f0000 - 0x0000000005a54000 	C:\Users\Emma\Desktop\Modding\build\natives\OpenAL64.dll
0x000007fefee00000 - 0x000007feffb88000 	C:\Windows\system32\SHELL32.dll
0x000007fefe980000 - 0x000007fefea19000 	C:\Windows\system32\CLBCatQ.DLL
0x000007fefbdc0000 - 0x000007fefbe0b000 	C:\Windows\System32\MMDevApi.dll
0x000007fefc310000 - 0x000007fefc43c000 	C:\Windows\System32\PROPSYS.dll
0x000007fef68f0000 - 0x000007fef6978000 	C:\Windows\system32\dsound.dll
0x000007fefbe10000 - 0x000007fefbe3c000 	C:\Windows\system32\POWRPROF.dll
0x000007fefba00000 - 0x000007fefba4f000 	C:\Windows\system32\AUDIOSES.DLL
0x0000000060dc0000 - 0x0000000060de4000 	C:\Program Files\Java\jre7\bin\sunec.dll
0x000000006fdd0000 - 0x000000006fddb000 	C:\Program Files\Java\jre7\bin\sunmscapi.dll
0x000007fefd900000 - 0x000007fefda6c000 	C:\Windows\system32\CRYPT32.dll
0x000007fefd8e0000 - 0x000007fefd8ef000 	C:\Windows\system32\MSASN1.dll
0x000007fee7ca0000 - 0x000007fee7dc5000 	C:\Windows\system32\dbghelp.dll

VM Arguments:
jvm_args: -Xincgc -Xmx1024M -Xms1024M -Dfml.ignoreInvalidMinecraftCertificates=true -Djava.library.path=C:\Users\Emma\Desktop\Modding\build\natives;C:\Users\Emma\Desktop\Modding\build\natives;C:\Users\Emma\Desktop\Modding\build\natives;C:\Users\Emma\Desktop\Modding\build\natives;C:\Users\Emma\Desktop\Modding\build\natives;C:\Users\Emma\Desktop\Modding\build\natives;C:\Users\Emma\Desktop\Modding\build\natives;C:\Users\Emma\Desktop\Modding\build\natives;C:\Users\Emma\Desktop\Modding\build\natives;C:\Users\Emma\Desktop\Modding\build\natives -Dfile.encoding=Cp1252 
java_command: net.minecraft.launchwrapper.Launch --version 1.6 --tweakClass cpw.mods.fml.common.launcher.FMLTweaker --accessToken FML
Launcher Type: SUN_STANDARD

Environment Variables:
PATH=C:\Program Files (x86)\AMD APP\bin\x86_64;C:\Program Files (x86)\AMD APP\bin\x86;C:\Program Files\Common Files\Microsoft Shared\Windows Live;C:\Program Files (x86)\Common Files\Microsoft Shared\Windows Live;C:\Windows\system32;C:\Windows;C:\Windows\System32\Wbem;C:\Windows\System32\WindowsPowerShell\v1.0\;C:\Program Files (x86)\Windows Live\Shared;C:\Program Files (x86)\Common Files\Roxio Shared\DLLShared\;C:\Program Files (x86)\Common Files\Roxio Shared\OEM\DLLShared\;C:\Program Files (x86)\Common Files\Roxio Shared\OEM\DLLShared\;C:\Program Files (x86)\Common Files\Roxio Shared\OEM\12.0\DLLShared\;C:\Program Files (x86)\Roxio\OEM\AudioCore\;C:\Program Files\Intel\WiFi\bin\;C:\Program Files\Common Files\Intel\WirelessCommon\;C:\Program Files (x86)\QuickTime\QTSystem\;C:\Program Files\Intel\WiFi\bin\;C:\Program Files\Common Files\Intel\WirelessCommon\
USERNAME=Emma
OS=Windows_NT
PROCESSOR_IDENTIFIER=Intel64 Family 6 Model 42 Stepping 7, GenuineIntel



---------------  S Y S T E M  ---------------

OS: Windows 7 , 64 bit Build 7601 Service Pack 1

CPU:total 4 (2 cores per cpu, 2 threads per core) family 6 model 42 stepping 7, cmov, cx8, fxsr, mmx, sse, sse2, sse3, ssse3, sse4.1, sse4.2, popcnt, avx, ht, tsc, tscinvbit

Memory: 4k page, physical 4085932k(1358920k free), swap 8170000k(2983472k free)

vm_info: Java HotSpot(TM) 64-Bit Server VM (24.0-b56) for windows-amd64 JRE (1.7.0_40-b43), built on Aug 26 2013 22:38:32 by "java_re" with unknown MS VC++:1600

time: Tue Jun 24 16:31:00 2014
elapsed time: 35 seconds

