#
# A fatal error has been detected by the Java Runtime Environment:
#
#  EXCEPTION_ACCESS_VIOLATION (0xc0000005) at pc=0x000000000f7c1559, pid=11408, tid=5468
#
# JRE version: Java(TM) SE Runtime Environment (7.0_40-b43) (build 1.7.0_40-b43)
# Java VM: Java HotSpot(TM) 64-Bit Server VM (24.0-b56 mixed mode windows-amd64 compressed oops)
# Problematic frame:
# C  [ig4icd64.dll+0x41559]
#
# Failed to write core dump. Minidumps are not enabled by default on client versions of Windows
#
# If you would like to submit a bug report, please visit:
#   http://bugreport.sun.com/bugreport/crash.jsp
# The crash happened outside the Java Virtual Machine in native code.
# See problematic frame for where to report the bug.
#

---------------  T H R E A D  ---------------

Current thread (0x00000000022a9000):  JavaThread "Client thread" [_thread_in_native, id=5468, stack(0x0000000002700000,0x0000000002800000)]

siginfo: ExceptionCode=0xc0000005, reading address 0x0000000000000020

Registers:
RAX=0x0000000011e62eb0, RBX=0x0000000000000001, RCX=0x0000000011e62eb8, RDX=0x0000000000000088
RSP=0x00000000027fe990, RBP=0x0000000020000004, RSI=0x0000000000000008, RDI=0x0000000000000000
R8 =0x0000000011e62ea0, R9 =0x0000000011e62eb0, R10=0x0000000000450158, R11=0x000000000014c150
R12=0x0000000000000020, R13=0x0000000000000000, R14=0x0000000020000003, R15=0x00000000004d83d8
RIP=0x000000000f7c1559, EFLAGS=0x0000000000010206

Top of Stack: (sp=0x00000000027fe990)
0x00000000027fe990:   0000000000000000 0000000011e62eb0
0x00000000027fe9a0:   0000000000000008 00000000004bd880
0x00000000027fe9b0:   0000000011d12060 fffffffffffffffe
0x00000000027fe9c0:   0000000011eafe90 0000000011e8e801
0x00000000027fe9d0:   0000000000000000 0000000011d12070
0x00000000027fe9e0:   0000000011e8e800 0000000011e62eb0
0x00000000027fe9f0:   0000000000000000 0000000011e8e800
0x00000000027fea00:   00000000022a9000 00000000027fec28
0x00000000027fea10:   00000000fcbf9db8 0000000010ac1098
0x00000000027fea20:   00000000004bd880 0000000000000008
0x00000000027fea30:   0000000000000001 000000000f7c194f
0x00000000027fea40:   0000000000000000 00000000004d83d8
0x00000000027fea50:   0000000020000003 00000000004bd880
0x00000000027fea60:   fffffffffffffffe 000007fefdbcb5a2
0x00000000027fea70:   0000000000000001 000000000f7c19c4
0x00000000027fea80:   00000000004bd880 0000000011d12070 

Instructions: (pc=0x000000000f7c1559)
0x000000000f7c1539:   89 44 24 30 48 8d 4c 24 30 e8 89 4e 00 00 48 89
0x000000000f7c1549:   44 24 58 48 89 7c 24 60 41 8d 2c 1e 4d 8d 65 20
0x000000000f7c1559:   49 8b 3c 24 48 85 ff 0f 84 40 01 00 00 8b 77 0c
0x000000000f7c1569:   44 3b f6 76 08 4c 8b e7 e9 a4 00 00 00 44 8b 6f 


Register to memory mapping:

RAX=0x0000000011e62eb0 is an unknown value
RBX=0x0000000000000001 is an unknown value
RCX=0x0000000011e62eb8 is an unknown value
RDX=0x0000000000000088 is an unknown value
RSP=0x00000000027fe990 is pointing into the stack for thread: 0x00000000022a9000
RBP=0x0000000020000004 is an unknown value
RSI=0x0000000000000008 is an unknown value
RDI=0x0000000000000000 is an unknown value
R8 =0x0000000011e62ea0 is an unknown value
R9 =0x0000000011e62eb0 is an unknown value
R10=0x0000000000450158 is an unknown value
R11=0x000000000014c150 is an unknown value
R12=0x0000000000000020 is an unknown value
R13=0x0000000000000000 is an unknown value
R14=0x0000000020000003 is an unknown value
R15=0x00000000004d83d8 is an unknown value


Stack: [0x0000000002700000,0x0000000002800000],  sp=0x00000000027fe990,  free space=1018k
Native frames: (J=compiled Java code, j=interpreted, Vv=VM code, C=native code)
C  [ig4icd64.dll+0x41559]

Java frames: (J=compiled Java code, j=interpreted, Vv=VM code)
j  org.lwjgl.opengl.WindowsContextImplementation.nDestroy(Ljava/nio/ByteBuffer;)V+0
j  org.lwjgl.opengl.WindowsContextImplementation.destroy(Lorg/lwjgl/opengl/PeerInfo;Ljava/nio/ByteBuffer;)V+1
j  org.lwjgl.opengl.ContextGL.checkDestroy()V+29
j  org.lwjgl.opengl.ContextGL.destroy()V+48
j  org.lwjgl.opengl.ContextGL.forceDestroy()V+5
j  org.lwjgl.opengl.DrawableGL.destroy()V+24
j  org.lwjgl.opengl.Display$5.destroy()V+19
j  org.lwjgl.opengl.Display.destroy()V+9
j  net.minecraft.client.Minecraft.shutdownMinecraftApplet()V+37
j  net.minecraft.client.Minecraft.run()V+101
j  net.minecraft.client.main.Main.main([Ljava/lang/String;)V+819
v  ~StubRoutines::call_stub
j  sun.reflect.NativeMethodAccessorImpl.invoke0(Ljava/lang/reflect/Method;Ljava/lang/Object;[Ljava/lang/Object;)Ljava/lang/Object;+0
j  sun.reflect.NativeMethodAccessorImpl.invoke(Ljava/lang/Object;[Ljava/lang/Object;)Ljava/lang/Object;+87
j  sun.reflect.DelegatingMethodAccessorImpl.invoke(Ljava/lang/Object;[Ljava/lang/Object;)Ljava/lang/Object;+6
j  java.lang.reflect.Method.invoke(Ljava/lang/Object;[Ljava/lang/Object;)Ljava/lang/Object;+57
j  net.minecraft.launchwrapper.Launch.launch([Ljava/lang/String;)V+664
j  net.minecraft.launchwrapper.Launch.main([Ljava/lang/String;)V+8
v  ~StubRoutines::call_stub

---------------  P R O C E S S  ---------------

Java Threads: ( => current thread )
  0x000000000e8c3800 JavaThread "LWJGL Timer" daemon [_thread_blocked, id=2260, stack(0x0000000013f60000,0x0000000014060000)]
  0x000000000d135800 JavaThread "Java2D Disposer" daemon [_thread_blocked, id=7232, stack(0x000000000f3e0000,0x000000000f4e0000)]
  0x000000000e5fd800 JavaThread "Timer hack thread" daemon [_thread_blocked, id=3720, stack(0x000000000e240000,0x000000000e340000)]
  0x000000000c196800 JavaThread "Snooper Timer" daemon [_thread_blocked, id=10536, stack(0x000000000f4e0000,0x000000000f5e0000)]
  0x000000000a114800 JavaThread "Service Thread" daemon [_thread_blocked, id=4104, stack(0x000000000a9d0000,0x000000000aad0000)]
  0x000000000a100800 JavaThread "C2 CompilerThread1" daemon [_thread_blocked, id=8180, stack(0x000000000ad40000,0x000000000ae40000)]
  0x000000000a0fc000 JavaThread "C2 CompilerThread0" daemon [_thread_blocked, id=3232, stack(0x000000000ab10000,0x000000000ac10000)]
  0x000000000a0fb000 JavaThread "Attach Listener" daemon [_thread_blocked, id=7712, stack(0x000000000a8d0000,0x000000000a9d0000)]
  0x000000000a0fa800 JavaThread "Signal Dispatcher" daemon [_thread_blocked, id=8156, stack(0x000000000a750000,0x000000000a850000)]
  0x000000000a0f9800 JavaThread "Surrogate Locker Thread (Concurrent GC)" daemon [_thread_blocked, id=2548, stack(0x000000000a4b0000,0x000000000a5b0000)]
  0x000000000a0a1800 JavaThread "Finalizer" daemon [_thread_blocked, id=6724, stack(0x0000000009a90000,0x0000000009b90000)]
  0x0000000009e8e800 JavaThread "Reference Handler" daemon [_thread_blocked, id=10844, stack(0x000000000a5f0000,0x000000000a6f0000)]
=>0x00000000022a9000 JavaThread "Client thread" [_thread_in_native, id=5468, stack(0x0000000002700000,0x0000000002800000)]

Other Threads:
  0x0000000009e89800 VMThread [stack: 0x0000000009ec0000,0x0000000009fc0000] [id=6744]
  0x000000000a123000 WatcherThread [stack: 0x000000000af90000,0x000000000b090000] [id=7156]

VM state:not at safepoint (normal execution)

VM Mutex/Monitor currently owned by a thread: None

Heap
 par new generation   total 306688K, used 204772K [0x00000000bae00000, 0x00000000cfac0000, 0x00000000cfac0000)
  eden space 272640K,  70% used [0x00000000bae00000, 0x00000000c6a65fb8, 0x00000000cb840000)
  from space 34048K,  34% used [0x00000000cb840000, 0x00000000cc3d3268, 0x00000000cd980000)
  to   space 34048K,   0% used [0x00000000cd980000, 0x00000000cd980000, 0x00000000cfac0000)
 concurrent mark-sweep generation total 707840K, used 42985K [0x00000000cfac0000, 0x00000000fae00000, 0x00000000fae00000)
 concurrent-mark-sweep perm gen total 67120K, used 40302K [0x00000000fae00000, 0x00000000fef8c000, 0x0000000100000000)

Card table byte_map: [0x0000000005b30000,0x0000000005d60000] byte_map_base: 0x0000000005559000

Polling page: 0x0000000000120000

Code Cache  [0x0000000002800000, 0x0000000002b30000, 0x0000000005800000)
 total_blobs=1573 nmethods=946 adapters=579 free_code_cache=45992Kb largest_free_block=47018560

Compilation events (10 events):
Event: 32.478 Thread 0x000000000a100800 1062             java.nio.HeapByteBuffer::ix (7 bytes)
Event: 32.479 Thread 0x000000000a100800 nmethod 1062 0x0000000002a0c5d0 code [0x0000000002a0c700, 0x0000000002a0c758]
Event: 32.869 Thread 0x000000000a0fc000 1063             java.util.Formatter$FormatSpecifier::localizedMagnitude (327 bytes)
Event: 32.907 Thread 0x000000000a0fc000 nmethod 1063 0x0000000002ae8a50 code [0x0000000002ae8c40, 0x0000000002ae9820]
Event: 33.650 Thread 0x000000000a100800 1065             org.lwjgl.opengl.GL11::glColor4f (27 bytes)
Event: 33.654 Thread 0x000000000a100800 nmethod 1065 0x0000000002aefd10 code [0x0000000002aefe60, 0x0000000002aeff88]
Event: 34.233 Thread 0x000000000a0fc000 1066             org.lwjgl.opengl.GLChecks::calculateBytesPerPixel (162 bytes)
Event: 34.235 Thread 0x000000000a0fc000 nmethod 1066 0x0000000002a3ead0 code [0x0000000002a3ec00, 0x0000000002a3ecf8]
Event: 34.471 Thread 0x000000000a100800 1069             org.lwjgl.opengl.GL11::glEnable (19 bytes)
Event: 34.476 Thread 0x000000000a100800 nmethod 1069 0x00000000028ac950 code [0x00000000028acaa0, 0x00000000028acb88]

GC Heap History (8 events):
Event: 10.985 GC heap before
{Heap before GC invocations=0 (full 0):
 par new generation   total 306688K, used 272640K [0x00000000bae00000, 0x00000000cfac0000, 0x00000000cfac0000)
  eden space 272640K, 100% used [0x00000000bae00000, 0x00000000cb840000, 0x00000000cb840000)
  from space 34048K,   0% used [0x00000000cb840000, 0x00000000cb840000, 0x00000000cd980000)
  to   space 34048K,   0% used [0x00000000cd980000, 0x00000000cd980000, 0x00000000cfac0000)
 concurrent mark-sweep generation total 707840K, used 0K [0x00000000cfac0000, 0x00000000fae00000, 0x00000000fae00000)
 concurrent-mark-sweep perm gen total 26624K, used 26553K [0x00000000fae00000, 0x00000000fc800000, 0x0000000100000000)
Event: 11.059 GC heap after
Heap after GC invocations=1 (full 0):
 par new generation   total 306688K, used 34048K [0x00000000bae00000, 0x00000000cfac0000, 0x00000000cfac0000)
  eden space 272640K,   0% used [0x00000000bae00000, 0x00000000bae00000, 0x00000000cb840000)
  from space 34048K, 100% used [0x00000000cd980000, 0x00000000cfac0000, 0x00000000cfac0000)
  to   space 34048K,   0% used [0x00000000cb840000, 0x00000000cb840000, 0x00000000cd980000)
 concurrent mark-sweep generation total 707840K, used 2329K [0x00000000cfac0000, 0x00000000fae00000, 0x00000000fae00000)
 concurrent-mark-sweep perm gen total 26624K, used 26553K [0x00000000fae00000, 0x00000000fc800000, 0x0000000100000000)
}
Event: 16.704 GC heap before
{Heap before GC invocations=1 (full 1):
 par new generation   total 306688K, used 306688K [0x00000000bae00000, 0x00000000cfac0000, 0x00000000cfac0000)
  eden space 272640K, 100% used [0x00000000bae00000, 0x00000000cb840000, 0x00000000cb840000)
  from space 34048K, 100% used [0x00000000cd980000, 0x00000000cfac0000, 0x00000000cfac0000)
  to   space 34048K,   0% used [0x00000000cb840000, 0x00000000cb840000, 0x00000000cd980000)
 concurrent mark-sweep generation total 707840K, used 2329K [0x00000000cfac0000, 0x00000000fae00000, 0x00000000fae00000)
 concurrent-mark-sweep perm gen total 33344K, used 33291K [0x00000000fae00000, 0x00000000fce90000, 0x0000000100000000)
Event: 16.819 GC heap after
Heap after GC invocations=2 (full 1):
 par new generation   total 306688K, used 34048K [0x00000000bae00000, 0x00000000cfac0000, 0x00000000cfac0000)
  eden space 272640K,   0% used [0x00000000bae00000, 0x00000000bae00000, 0x00000000cb840000)
  from space 34048K, 100% used [0x00000000cb840000, 0x00000000cd980000, 0x00000000cd980000)
  to   space 34048K,   0% used [0x00000000cd980000, 0x00000000cd980000, 0x00000000cfac0000)
 concurrent mark-sweep generation total 707840K, used 36445K [0x00000000cfac0000, 0x00000000fae00000, 0x00000000fae00000)
 concurrent-mark-sweep perm gen total 33344K, used 33291K [0x00000000fae00000, 0x00000000fce90000, 0x0000000100000000)
}
Event: 19.575 GC heap before
{Heap before GC invocations=2 (full 1):
 par new generation   total 306688K, used 291887K [0x00000000bae00000, 0x00000000cfac0000, 0x00000000cfac0000)
  eden space 272640K,  94% used [0x00000000bae00000, 0x00000000ca9cbfc8, 0x00000000cb840000)
  from space 34048K, 100% used [0x00000000cb840000, 0x00000000cd980000, 0x00000000cd980000)
  to   space 34048K,   0% used [0x00000000cd980000, 0x00000000cd980000, 0x00000000cfac0000)
 concurrent mark-sweep generation total 707840K, used 36445K [0x00000000cfac0000, 0x00000000fae00000, 0x00000000fae00000)
 concurrent-mark-sweep perm gen total 56548K, used 35691K [0x00000000fae00000, 0x00000000fe539000, 0x0000000100000000)
Event: 19.644 GC heap after
Heap after GC invocations=3 (full 1):
 par new generation   total 306688K, used 34048K [0x00000000bae00000, 0x00000000cfac0000, 0x00000000cfac0000)
  eden space 272640K,   0% used [0x00000000bae00000, 0x00000000bae00000, 0x00000000cb840000)
  from space 34048K, 100% used [0x00000000cd980000, 0x00000000cfac0000, 0x00000000cfac0000)
  to   space 34048K,   0% used [0x00000000cb840000, 0x00000000cb840000, 0x00000000cd980000)
 concurrent mark-sweep generation total 707840K, used 51216K [0x00000000cfac0000, 0x00000000fae00000, 0x00000000fae00000)
 concurrent-mark-sweep perm gen total 56548K, used 35691K [0x00000000fae00000, 0x00000000fe539000, 0x0000000100000000)
}
Event: 21.933 GC heap before
{Heap before GC invocations=3 (full 2):
 par new generation   total 306688K, used 293920K [0x00000000bae00000, 0x00000000cfac0000, 0x00000000cfac0000)
  eden space 272640K,  95% used [0x00000000bae00000, 0x00000000cabc8128, 0x00000000cb840000)
  from space 34048K, 100% used [0x00000000cd980000, 0x00000000cfac0000, 0x00000000cfac0000)
  to   space 34048K,   0% used [0x00000000cb840000, 0x00000000cb840000, 0x00000000cd980000)
 concurrent mark-sweep generation total 707840K, used 51216K [0x00000000cfac0000, 0x00000000fae00000, 0x00000000fae00000)
 concurrent-mark-sweep perm gen total 56548K, used 38198K [0x00000000fae00000, 0x00000000fe539000, 0x0000000100000000)
Event: 21.961 GC heap after
Heap after GC invocations=4 (full 2):
 par new generation   total 306688K, used 11852K [0x00000000bae00000, 0x00000000cfac0000, 0x00000000cfac0000)
  eden space 272640K,   0% used [0x00000000bae00000, 0x00000000bae00000, 0x00000000cb840000)
  from space 34048K,  34% used [0x00000000cb840000, 0x00000000cc3d3268, 0x00000000cd980000)
  to   space 34048K,   0% used [0x00000000cd980000, 0x00000000cd980000, 0x00000000cfac0000)
 concurrent mark-sweep generation total 707840K, used 57120K [0x00000000cfac0000, 0x00000000fae00000, 0x00000000fae00000)
 concurrent-mark-sweep perm gen total 56548K, used 38198K [0x00000000fae00000, 0x00000000fe539000, 0x0000000100000000)
}

Deoptimization events (10 events):
Event: 24.719 Thread 0x00000000022a9000 Uncommon trap: reason=null_check action=make_not_entrant pc=0x0000000002afe050 method=net.minecraft.client.renderer.texture.TextureManager.bindTexture(Lnet/minecraft/util/ResourceLocation;)V @ 10
Event: 24.723 Thread 0x00000000022a9000 Uncommon trap: reason=class_check action=maybe_recompile pc=0x000000000299d28c method=java.awt.image.BufferedImage.getRGB(IIII[III)[I @ 205
Event: 25.343 Thread 0x000000000cb91800 Uncommon trap: reason=class_check action=maybe_recompile pc=0x0000000002a2d988 method=java.util.AbstractList.subList(II)Ljava/util/List; @ 1
Event: 25.343 Thread 0x000000000cb91800 Uncommon trap: reason=class_check action=maybe_recompile pc=0x0000000002ada1b4 method=java.util.SubList.<init>(Ljava/util/AbstractList;II)V @ 37
Event: 25.343 Thread 0x000000000cb91800 Uncommon trap: reason=class_check action=maybe_recompile pc=0x0000000002a2d988 method=java.util.AbstractList.subList(II)Ljava/util/List; @ 1
Event: 25.344 Thread 0x000000000cb91800 Uncommon trap: reason=class_check action=maybe_recompile pc=0x0000000002ada1b4 method=java.util.SubList.<init>(Ljava/util/AbstractList;II)V @ 37
Event: 25.345 Thread 0x000000000cb91800 Uncommon trap: reason=class_check action=maybe_recompile pc=0x0000000002a2d988 method=java.util.AbstractList.subList(II)Ljava/util/List; @ 1
Event: 25.345 Thread 0x000000000cb91800 Uncommon trap: reason=class_check action=maybe_recompile pc=0x0000000002ada1b4 method=java.util.SubList.<init>(Ljava/util/AbstractList;II)V @ 37
Event: 27.281 Thread 0x00000000022a9000 Uncommon trap: reason=predicate action=maybe_recompile pc=0x0000000002a0fe00 method=javax.imageio.stream.MemoryCache.loadFromStream(Ljava/io/InputStream;J)J @ 59
Event: 27.608 Thread 0x00000000146a8800 Uncommon trap: reason=bimorphic action=maybe_recompile pc=0x00000000029125cc method=java.net.URL.openConnection()Ljava/net/URLConnection; @ 5

Internal exceptions (10 events):
Event: 28.055 Thread 0x00000000146a8800 Threw 0x00000000c41d7fb0 at C:\jdk7u2_64p\jdk7u40\hotspot\src\share\vm\prims\jvm.cpp:2917
Event: 35.299 Thread 0x00000000146a8800 Threw 0x00000000c41d8120 at C:\jdk7u2_64p\jdk7u40\hotspot\src\share\vm\prims\jvm.cpp:2965
Event: 35.299 Thread 0x00000000146a8800 Threw 0x00000000c41d8ce0 at C:\jdk7u2_64p\jdk7u40\hotspot\src\share\vm\prims\jvm.cpp:2917
Event: 36.265 Thread 0x00000000146a8800 Threw 0x00000000c41d9058 at C:\jdk7u2_64p\jdk7u40\hotspot\src\share\vm\prims\jvm.cpp:2965
Event: 36.399 Thread 0x00000000146a8800 Threw 0x00000000c41d91c8 at C:\jdk7u2_64p\jdk7u40\hotspot\src\share\vm\prims\jvm.cpp:2965
Event: 36.399 Thread 0x00000000146a8800 Threw 0x00000000c41d9d50 at C:\jdk7u2_64p\jdk7u40\hotspot\src\share\vm\prims\jvm.cpp:2965
Event: 36.399 Thread 0x00000000146a8800 Threw 0x00000000c41d9ec0 at C:\jdk7u2_64p\jdk7u40\hotspot\src\share\vm\prims\jvm.cpp:2965
Event: 36.399 Thread 0x00000000146a8800 Threw 0x00000000c41da030 at C:\jdk7u2_64p\jdk7u40\hotspot\src\share\vm\prims\jvm.cpp:2965
Event: 36.440 Thread 0x00000000146a8800 Threw 0x00000000c41da3a8 at C:\jdk7u2_64p\jdk7u40\hotspot\src\share\vm\prims\jvm.cpp:2965
Event: 36.440 Thread 0x000000000e947800 Threw 0x00000000c69cf038 at C:\jdk7u2_64p\jdk7u40\hotspot\src\share\vm\prims\jvm.cpp:2965

Events (10 events):
Event: 36.400 Executing VM operation: RevokeBias
Event: 36.400 Executing VM operation: RevokeBias done
Event: 36.440 Executing VM operation: RevokeBias
Event: 36.440 Executing VM operation: RevokeBias done
Event: 36.440 Thread 0x00000000146a8800 Thread exited: 0x00000000146a8800
Event: 36.440 Thread 0x000000000e947800 Thread exited: 0x000000000e947800
Event: 36.541 Executing VM operation: RevokeBias
Event: 36.541 Executing VM operation: RevokeBias done
Event: 36.550 Executing VM operation: RevokeBias
Event: 36.550 Executing VM operation: RevokeBias done


Dynamic libraries:
0x000000013f3b0000 - 0x000000013f3e3000 	C:\Program Files\Java\jre7\bin\javaw.exe
0x0000000077ab0000 - 0x0000000077c59000 	C:\Windows\SYSTEM32\ntdll.dll
0x0000000077890000 - 0x00000000779af000 	C:\Windows\system32\kernel32.dll
0x000007fefdbb0000 - 0x000007fefdc1c000 	C:\Windows\system32\KERNELBASE.dll
0x000007fefeca0000 - 0x000007fefed7b000 	C:\Windows\system32\ADVAPI32.dll
0x000007fefe000000 - 0x000007fefe09f000 	C:\Windows\system32\msvcrt.dll
0x000007fefe960000 - 0x000007fefe97f000 	C:\Windows\SYSTEM32\sechost.dll
0x000007fefdeb0000 - 0x000007fefdfdd000 	C:\Windows\system32\RPCRT4.dll
0x00000000779b0000 - 0x0000000077aaa000 	C:\Windows\system32\USER32.dll
0x000007fefead0000 - 0x000007fefeb37000 	C:\Windows\system32\GDI32.dll
0x000007feffdb0000 - 0x000007feffdbe000 	C:\Windows\system32\LPK.dll
0x000007fefdca0000 - 0x000007fefdd69000 	C:\Windows\system32\USP10.dll
0x000007fefc490000 - 0x000007fefc684000 	C:\Windows\WinSxS\amd64_microsoft.windows.common-controls_6595b64144ccf1df_6.0.7601.17514_none_fa396087175ac9ac\COMCTL32.dll
0x000007fefea20000 - 0x000007fefea91000 	C:\Windows\system32\SHLWAPI.dll
0x000007fefeaa0000 - 0x000007fefeace000 	C:\Windows\system32\IMM32.DLL
0x000007fefe800000 - 0x000007fefe909000 	C:\Windows\system32\MSCTF.dll
0x000000005ef30000 - 0x000000005f001000 	C:\Program Files\Java\jre7\bin\msvcr100.dll
0x0000000053060000 - 0x0000000053829000 	C:\Program Files\Java\jre7\bin\server\jvm.dll
0x000007fef04d0000 - 0x000007fef04d9000 	C:\Windows\system32\WSOCK32.dll
0x000007fefe910000 - 0x000007fefe95d000 	C:\Windows\system32\WS2_32.dll
0x000007feffda0000 - 0x000007feffda8000 	C:\Windows\system32\NSI.dll
0x000007fefbb20000 - 0x000007fefbb5b000 	C:\Windows\system32\WINMM.dll
0x0000000077c80000 - 0x0000000077c87000 	C:\Windows\system32\PSAPI.DLL
0x0000000073e90000 - 0x0000000073e9f000 	C:\Program Files\Java\jre7\bin\verify.dll
0x0000000066060000 - 0x0000000066088000 	C:\Program Files\Java\jre7\bin\java.dll
0x000000006f080000 - 0x000000006f095000 	C:\Program Files\Java\jre7\bin\zip.dll
0x0000000074980000 - 0x000000007498b000 	C:\Program Files\Java\jre7\bin\management.dll
0x0000000067fb0000 - 0x0000000067fc9000 	C:\Program Files\Java\jre7\bin\net.dll
0x000007fefd0c0000 - 0x000007fefd115000 	C:\Windows\system32\mswsock.dll
0x000007fefd0b0000 - 0x000007fefd0b7000 	C:\Windows\System32\wship6.dll
0x00000000679b0000 - 0x00000000679c1000 	C:\Program Files\Java\jre7\bin\nio.dll
0x000007fefbb00000 - 0x000007fefbb15000 	C:\Windows\system32\NLAapi.dll
0x000007fef8360000 - 0x000007fef8375000 	C:\Windows\system32\napinsp.dll
0x000007fef0c30000 - 0x000007fef0c49000 	C:\Windows\system32\pnrpnsp.dll
0x000007fefcf40000 - 0x000007fefcf9b000 	C:\Windows\system32\DNSAPI.dll
0x000007fef4d20000 - 0x000007fef4d2b000 	C:\Windows\System32\winrnr.dll
0x000007fef4ca0000 - 0x000007fef4cb0000 	C:\Windows\system32\wshbth.dll
0x000007fefa170000 - 0x000007fefa19e000 	C:\Program Files\Common Files\Microsoft Shared\Windows Live\WLIDNSP.DLL
0x00000000724a0000 - 0x00000000724c6000 	C:\Program Files\Bonjour\mdnsNSP.dll
0x000007fefafa0000 - 0x000007fefafc7000 	C:\Windows\system32\Iphlpapi.DLL
0x000007fefb080000 - 0x000007fefb08b000 	C:\Windows\system32\WINNSI.DLL
0x000007fefca50000 - 0x000007fefca57000 	C:\Windows\System32\wshtcpip.dll
0x000007fefa160000 - 0x000007fefa168000 	C:\Windows\system32\rasadhlp.dll
0x000007fefb020000 - 0x000007fefb073000 	C:\Windows\System32\fwpuclnt.dll
0x0000000180000000 - 0x0000000180050000 	C:\Users\Emma\Desktop\Modding\build\natives\lwjgl64.dll
0x000007fefb740000 - 0x000007fefb85d000 	C:\Windows\system32\OPENGL32.dll
0x000007fefc6a0000 - 0x000007fefc6cd000 	C:\Windows\system32\GLU32.dll
0x000007fef6980000 - 0x000007fef6a71000 	C:\Windows\system32\DDRAW.dll
0x000007fefc690000 - 0x000007fefc698000 	C:\Windows\system32\DCIMAN32.dll
0x000007fefe350000 - 0x000007fefe527000 	C:\Windows\system32\SETUPAPI.dll
0x000007fefdc20000 - 0x000007fefdc56000 	C:\Windows\system32\CFGMGR32.dll
0x000007fefddd0000 - 0x000007fefdea7000 	C:\Windows\system32\OLEAUT32.dll
0x000007feffb90000 - 0x000007feffd93000 	C:\Windows\system32\ole32.dll
0x000007fefda90000 - 0x000007fefdaaa000 	C:\Windows\system32\DEVOBJ.dll
0x000007fefb6a0000 - 0x000007fefb6b8000 	C:\Windows\system32\dwmapi.dll
0x000007fefc980000 - 0x000007fefc98c000 	C:\Windows\system32\VERSION.dll
0x000007fefd120000 - 0x000007fefd137000 	C:\Windows\system32\CRYPTSP.dll
0x000007fefce20000 - 0x000007fefce67000 	C:\Windows\system32\rsaenh.dll
0x000007fefdc70000 - 0x000007fefdc8e000 	C:\Windows\system32\USERENV.dll
0x000007fefd8f0000 - 0x000007fefd8ff000 	C:\Windows\system32\profapi.dll
0x000007fefd780000 - 0x000007fefd78f000 	C:\Windows\system32\CRYPTBASE.dll
0x000000005d540000 - 0x000000005d6d5000 	C:\Program Files\Java\jre7\bin\awt.dll
0x000007fefc2b0000 - 0x000007fefc306000 	C:\Windows\system32\uxtheme.dll
0x000000000f780000 - 0x00000000108b5000 	C:\Windows\system32\ig4icd64.dll
0x000007feedaa0000 - 0x000007feedb3c000 	C:\Windows\system32\mscms.dll
0x000007feee6a0000 - 0x000007feee6e2000 	C:\Windows\system32\icm32.dll
0x000000000a850000 - 0x000000000a8b4000 	C:\Users\Emma\Desktop\Modding\build\natives\OpenAL64.dll
0x000007fefee00000 - 0x000007feffb88000 	C:\Windows\system32\SHELL32.dll
0x000007fefe980000 - 0x000007fefea19000 	C:\Windows\system32\CLBCatQ.DLL
0x000007fefbdc0000 - 0x000007fefbe0b000 	C:\Windows\System32\MMDevApi.dll
0x000007fefc310000 - 0x000007fefc43c000 	C:\Windows\System32\PROPSYS.dll
0x000007fef68f0000 - 0x000007fef6978000 	C:\Windows\system32\dsound.dll
0x000007fefbe10000 - 0x000007fefbe3c000 	C:\Windows\system32\POWRPROF.dll
0x000007fefba00000 - 0x000007fefba4f000 	C:\Windows\system32\AUDIOSES.DLL
0x0000000060cd0000 - 0x0000000060cf4000 	C:\Program Files\Java\jre7\bin\sunec.dll
0x0000000073e80000 - 0x0000000073e8b000 	C:\Program Files\Java\jre7\bin\sunmscapi.dll
0x000007fefd900000 - 0x000007fefda6c000 	C:\Windows\system32\CRYPT32.dll
0x000007fefd8e0000 - 0x000007fefd8ef000 	C:\Windows\system32\MSASN1.dll
0x000007fee7ca0000 - 0x000007fee7dc5000 	C:\Windows\system32\dbghelp.dll

VM Arguments:
jvm_args: -Xincgc -Xmx1024M -Xms1024M -Dfml.ignoreInvalidMinecraftCertificates=true -Djava.library.path=C:\Users\Emma\Desktop\Modding\build\natives;C:\Users\Emma\Desktop\Modding\build\natives;C:\Users\Emma\Desktop\Modding\build\natives;C:\Users\Emma\Desktop\Modding\build\natives;C:\Users\Emma\Desktop\Modding\build\natives;C:\Users\Emma\Desktop\Modding\build\natives;C:\Users\Emma\Desktop\Modding\build\natives;C:\Users\Emma\Desktop\Modding\build\natives;C:\Users\Emma\Desktop\Modding\build\natives;C:\Users\Emma\Desktop\Modding\build\natives -Dfile.encoding=Cp1252 
java_command: net.minecraft.launchwrapper.Launch --version 1.6 --tweakClass cpw.mods.fml.common.launcher.FMLTweaker --accessToken FML
Launcher Type: SUN_STANDARD

Environment Variables:
PATH=C:\Program Files (x86)\AMD APP\bin\x86_64;C:\Program Files (x86)\AMD APP\bin\x86;C:\Program Files\Common Files\Microsoft Shared\Windows Live;C:\Program Files (x86)\Common Files\Microsoft Shared\Windows Live;C:\Windows\system32;C:\Windows;C:\Windows\System32\Wbem;C:\Windows\System32\WindowsPowerShell\v1.0\;C:\Program Files (x86)\Windows Live\Shared;C:\Program Files (x86)\Common Files\Roxio Shared\DLLShared\;C:\Program Files (x86)\Common Files\Roxio Shared\OEM\DLLShared\;C:\Program Files (x86)\Common Files\Roxio Shared\OEM\DLLShared\;C:\Program Files (x86)\Common Files\Roxio Shared\OEM\12.0\DLLShared\;C:\Program Files (x86)\Roxio\OEM\AudioCore\;C:\Program Files\Intel\WiFi\bin\;C:\Program Files\Common Files\Intel\WirelessCommon\;C:\Program Files (x86)\QuickTime\QTSystem\;C:\Program Files\Intel\WiFi\bin\;C:\Program Files\Common Files\Intel\WirelessCommon\
USERNAME=Emma
OS=Windows_NT
PROCESSOR_IDENTIFIER=Intel64 Family 6 Model 42 Stepping 7, GenuineIntel



---------------  S Y S T E M  ---------------

OS: Windows 7 , 64 bit Build 7601 Service Pack 1

CPU:total 4 (2 cores per cpu, 2 threads per core) family 6 model 42 stepping 7, cmov, cx8, fxsr, mmx, sse, sse2, sse3, ssse3, sse4.1, sse4.2, popcnt, avx, ht, tsc, tscinvbit

Memory: 4k page, physical 4085932k(1039300k free), swap 8170000k(2418048k free)

vm_info: Java HotSpot(TM) 64-Bit Server VM (24.0-b56) for windows-amd64 JRE (1.7.0_40-b43), built on Aug 26 2013 22:38:32 by "java_re" with unknown MS VC++:1600

time: Tue Jun 24 13:22:35 2014
elapsed time: 36 seconds

