#
# A fatal error has been detected by the Java Runtime Environment:
#
#  EXCEPTION_ACCESS_VIOLATION (0xc0000005) at pc=0x000000000f9f1559, pid=8980, tid=3960
#
# JRE version: Java(TM) SE Runtime Environment (7.0_40-b43) (build 1.7.0_40-b43)
# Java VM: Java HotSpot(TM) 64-Bit Server VM (24.0-b56 mixed mode windows-amd64 compressed oops)
# Problematic frame:
# C  [ig4icd64.dll+0x41559]
#
# Failed to write core dump. Minidumps are not enabled by default on client versions of Windows
#
# If you would like to submit a bug report, please visit:
#   http://bugreport.sun.com/bugreport/crash.jsp
# The crash happened outside the Java Virtual Machine in native code.
# See problematic frame for where to report the bug.
#

---------------  T H R E A D  ---------------

Current thread (0x0000000002359000):  JavaThread "Client thread" [_thread_in_native, id=3960, stack(0x0000000002610000,0x0000000002710000)]

siginfo: ExceptionCode=0xc0000005, reading address 0x0000000000000020

Registers:
RAX=0x0000000011f93190, RBX=0x0000000000000001, RCX=0x0000000011f93198, RDX=0x0000000000000088
RSP=0x000000000270e680, RBP=0x0000000020000004, RSI=0x0000000000000008, RDI=0x0000000000000000
R8 =0x0000000011f93180, R9 =0x0000000011f93190, R10=0x00000000002b0158, R11=0x000000000014fb20
R12=0x0000000000000020, R13=0x0000000000000000, R14=0x0000000020000003, R15=0x0000000000338658
RIP=0x000000000f9f1559, EFLAGS=0x0000000000010206

Top of Stack: (sp=0x000000000270e680)
0x000000000270e680:   0000000000000000 0000000011f93190
0x000000000270e690:   0000000000000008 0000000000325900
0x000000000270e6a0:   0000000011e42190 fffffffffffffffe
0x000000000270e6b0:   0000000011ff07b0 0000000011fdef01
0x000000000270e6c0:   0000000000000000 0000000011e421a0
0x000000000270e6d0:   0000000011fdef80 0000000011f93190
0x000000000270e6e0:   0000000000000000 0000000011fdef80
0x000000000270e6f0:   0000000002359000 000000000270e918
0x000000000270e700:   00000000fcc09028 0000000010bf1098
0x000000000270e710:   0000000000325900 0000000000000008
0x000000000270e720:   0000000000000001 000000000f9f194f
0x000000000270e730:   0000000000000000 0000000000338658
0x000000000270e740:   0000000020000003 0000000000325900
0x000000000270e750:   fffffffffffffffe 000007fefdbcb5a2
0x000000000270e760:   0000000000000001 000000000f9f19c4
0x000000000270e770:   0000000000325900 0000000011e421a0 

Instructions: (pc=0x000000000f9f1559)
0x000000000f9f1539:   89 44 24 30 48 8d 4c 24 30 e8 89 4e 00 00 48 89
0x000000000f9f1549:   44 24 58 48 89 7c 24 60 41 8d 2c 1e 4d 8d 65 20
0x000000000f9f1559:   49 8b 3c 24 48 85 ff 0f 84 40 01 00 00 8b 77 0c
0x000000000f9f1569:   44 3b f6 76 08 4c 8b e7 e9 a4 00 00 00 44 8b 6f 


Register to memory mapping:

RAX=0x0000000011f93190 is an unknown value
RBX=0x0000000000000001 is an unknown value
RCX=0x0000000011f93198 is an unknown value
RDX=0x0000000000000088 is an unknown value
RSP=0x000000000270e680 is pointing into the stack for thread: 0x0000000002359000
RBP=0x0000000020000004 is an unknown value
RSI=0x0000000000000008 is an unknown value
RDI=0x0000000000000000 is an unknown value
R8 =0x0000000011f93180 is an unknown value
R9 =0x0000000011f93190 is an unknown value
R10=0x00000000002b0158 is an unknown value
R11=0x000000000014fb20 is an unknown value
R12=0x0000000000000020 is an unknown value
R13=0x0000000000000000 is an unknown value
R14=0x0000000020000003 is an unknown value
R15=0x0000000000338658 is an unknown value


Stack: [0x0000000002610000,0x0000000002710000],  sp=0x000000000270e680,  free space=1017k
Native frames: (J=compiled Java code, j=interpreted, Vv=VM code, C=native code)
C  [ig4icd64.dll+0x41559]

Java frames: (J=compiled Java code, j=interpreted, Vv=VM code)
j  org.lwjgl.opengl.WindowsContextImplementation.nDestroy(Ljava/nio/ByteBuffer;)V+0
j  org.lwjgl.opengl.WindowsContextImplementation.destroy(Lorg/lwjgl/opengl/PeerInfo;Ljava/nio/ByteBuffer;)V+1
j  org.lwjgl.opengl.ContextGL.checkDestroy()V+29
j  org.lwjgl.opengl.ContextGL.destroy()V+48
j  org.lwjgl.opengl.ContextGL.forceDestroy()V+5
j  org.lwjgl.opengl.DrawableGL.destroy()V+24
j  org.lwjgl.opengl.Display$5.destroy()V+19
j  org.lwjgl.opengl.Display.destroy()V+9
j  net.minecraft.client.Minecraft.shutdownMinecraftApplet()V+37
j  net.minecraft.client.Minecraft.run()V+101
j  net.minecraft.client.main.Main.main([Ljava/lang/String;)V+819
v  ~StubRoutines::call_stub
j  sun.reflect.NativeMethodAccessorImpl.invoke0(Ljava/lang/reflect/Method;Ljava/lang/Object;[Ljava/lang/Object;)Ljava/lang/Object;+0
j  sun.reflect.NativeMethodAccessorImpl.invoke(Ljava/lang/Object;[Ljava/lang/Object;)Ljava/lang/Object;+87
j  sun.reflect.DelegatingMethodAccessorImpl.invoke(Ljava/lang/Object;[Ljava/lang/Object;)Ljava/lang/Object;+6
j  java.lang.reflect.Method.invoke(Ljava/lang/Object;[Ljava/lang/Object;)Ljava/lang/Object;+57
j  net.minecraft.launchwrapper.Launch.launch([Ljava/lang/String;)V+664
j  net.minecraft.launchwrapper.Launch.main([Ljava/lang/String;)V+8
v  ~StubRoutines::call_stub

---------------  P R O C E S S  ---------------

Java Threads: ( => current thread )
  0x0000000017dd2800 JavaThread "LWJGL Timer" daemon [_thread_blocked, id=4468, stack(0x0000000014750000,0x0000000014850000)]
  0x000000000e7d9000 JavaThread "Java2D Disposer" daemon [_thread_blocked, id=11828, stack(0x000000000f6d0000,0x000000000f7d0000)]
  0x000000000da1e800 JavaThread "Timer hack thread" daemon [_thread_blocked, id=3408, stack(0x000000000d120000,0x000000000d220000)]
  0x000000000d53b000 JavaThread "Snooper Timer" daemon [_thread_blocked, id=11716, stack(0x000000000e390000,0x000000000e490000)]
  0x000000000a1dd800 JavaThread "Service Thread" daemon [_thread_blocked, id=5188, stack(0x000000000b030000,0x000000000b130000)]
  0x000000000a1d1800 JavaThread "C2 CompilerThread1" daemon [_thread_blocked, id=6176, stack(0x000000000ae40000,0x000000000af40000)]
  0x000000000a1ba000 JavaThread "C2 CompilerThread0" daemon [_thread_blocked, id=11684, stack(0x000000000aaa0000,0x000000000aba0000)]
  0x000000000a1b9000 JavaThread "Attach Listener" daemon [_thread_blocked, id=4484, stack(0x000000000a7d0000,0x000000000a8d0000)]
  0x000000000a1b8000 JavaThread "Signal Dispatcher" daemon [_thread_blocked, id=5996, stack(0x000000000aba0000,0x000000000aca0000)]
  0x000000000a1b7000 JavaThread "Surrogate Locker Thread (Concurrent GC)" daemon [_thread_blocked, id=6952, stack(0x000000000a950000,0x000000000aa50000)]
  0x0000000009f4e800 JavaThread "Finalizer" daemon [_thread_blocked, id=5764, stack(0x0000000009fe0000,0x000000000a0e0000)]
  0x0000000009f4d000 JavaThread "Reference Handler" daemon [_thread_blocked, id=12128, stack(0x000000000a6c0000,0x000000000a7c0000)]
=>0x0000000002359000 JavaThread "Client thread" [_thread_in_native, id=3960, stack(0x0000000002610000,0x0000000002710000)]

Other Threads:
  0x0000000009f49800 VMThread [stack: 0x000000000a580000,0x000000000a680000] [id=5080]
  0x000000000a1f0000 WatcherThread [stack: 0x000000000ad40000,0x000000000ae40000] [id=1952]

VM state:not at safepoint (normal execution)

VM Mutex/Monitor currently owned by a thread: None

Heap
 par new generation   total 306688K, used 121479K [0x00000000bae00000, 0x00000000cfac0000, 0x00000000cfac0000)
  eden space 272640K,  39% used [0x00000000bae00000, 0x00000000c1723138, 0x00000000cb840000)
  from space 34048K,  40% used [0x00000000cd980000, 0x00000000ce6fee38, 0x00000000cfac0000)
  to   space 34048K,   0% used [0x00000000cb840000, 0x00000000cb840000, 0x00000000cd980000)
 concurrent mark-sweep generation total 707840K, used 49315K [0x00000000cfac0000, 0x00000000fae00000, 0x00000000fae00000)
 concurrent-mark-sweep perm gen total 64312K, used 40574K [0x00000000fae00000, 0x00000000fecce000, 0x0000000100000000)

Card table byte_map: [0x0000000005b90000,0x0000000005dc0000] byte_map_base: 0x00000000055b9000

Polling page: 0x0000000000120000

Code Cache  [0x0000000002710000, 0x0000000002a70000, 0x0000000005710000)
 total_blobs=1626 nmethods=998 adapters=580 free_code_cache=45783Kb largest_free_block=46807744

Compilation events (10 events):
Event: 53.578 Thread 0x000000000a1d1800 nmethod 1109 0x00000000027c2110 code [0x00000000027c2240, 0x00000000027c22b8]
Event: 53.578 Thread 0x000000000a1ba000 nmethod 1108 0x00000000027c1e10 code [0x00000000027c1f60, 0x00000000027c2018]
Event: 54.716 Thread 0x000000000a1ba000 1110             com.jcraft.jorbis.DspState::synthesis_pcmout (60 bytes)
Event: 54.720 Thread 0x000000000a1ba000 nmethod 1110 0x00000000027c1a90 code [0x00000000027c1be0, 0x00000000027c1d18]
Event: 56.886 Thread 0x000000000a1d1800 1111             java.nio.DirectIntBufferU::get (16 bytes)
Event: 56.888 Thread 0x000000000a1d1800 nmethod 1111 0x00000000029eab90 code [0x00000000029eacc0, 0x00000000029ead38]
Event: 57.142 Thread 0x000000000a1ba000 1112             java.lang.ThreadLocal::access$400 (5 bytes)
Event: 57.143 Thread 0x000000000a1ba000 nmethod 1112 0x00000000029ea910 code [0x00000000029eaa40, 0x00000000029eaa98]
Event: 57.887 Thread 0x000000000a1d1800 1113             java.nio.DirectByteBuffer::put (18 bytes)
Event: 57.888 Thread 0x000000000a1d1800 nmethod 1113 0x00000000027c1810 code [0x00000000027c1940, 0x00000000027c19d8]

GC Heap History (10 events):
Event: 11.205 GC heap before
{Heap before GC invocations=0 (full 0):
 par new generation   total 306688K, used 272640K [0x00000000bae00000, 0x00000000cfac0000, 0x00000000cfac0000)
  eden space 272640K, 100% used [0x00000000bae00000, 0x00000000cb840000, 0x00000000cb840000)
  from space 34048K,   0% used [0x00000000cb840000, 0x00000000cb840000, 0x00000000cd980000)
  to   space 34048K,   0% used [0x00000000cd980000, 0x00000000cd980000, 0x00000000cfac0000)
 concurrent mark-sweep generation total 707840K, used 0K [0x00000000cfac0000, 0x00000000fae00000, 0x00000000fae00000)
 concurrent-mark-sweep perm gen total 25856K, used 25752K [0x00000000fae00000, 0x00000000fc740000, 0x0000000100000000)
Event: 11.273 GC heap after
Heap after GC invocations=1 (full 0):
 par new generation   total 306688K, used 34048K [0x00000000bae00000, 0x00000000cfac0000, 0x00000000cfac0000)
  eden space 272640K,   0% used [0x00000000bae00000, 0x00000000bae00000, 0x00000000cb840000)
  from space 34048K, 100% used [0x00000000cd980000, 0x00000000cfac0000, 0x00000000cfac0000)
  to   space 34048K,   0% used [0x00000000cb840000, 0x00000000cb840000, 0x00000000cd980000)
 concurrent mark-sweep generation total 707840K, used 1000K [0x00000000cfac0000, 0x00000000fae00000, 0x00000000fae00000)
 concurrent-mark-sweep perm gen total 25856K, used 25752K [0x00000000fae00000, 0x00000000fc740000, 0x0000000100000000)
}
Event: 18.524 GC heap before
{Heap before GC invocations=1 (full 1):
 par new generation   total 306688K, used 306688K [0x00000000bae00000, 0x00000000cfac0000, 0x00000000cfac0000)
  eden space 272640K, 100% used [0x00000000bae00000, 0x00000000cb840000, 0x00000000cb840000)
  from space 34048K, 100% used [0x00000000cd980000, 0x00000000cfac0000, 0x00000000cfac0000)
  to   space 34048K,   0% used [0x00000000cb840000, 0x00000000cb840000, 0x00000000cd980000)
 concurrent mark-sweep generation total 707840K, used 1000K [0x00000000cfac0000, 0x00000000fae00000, 0x00000000fae00000)
 concurrent-mark-sweep perm gen total 33536K, used 33352K [0x00000000fae00000, 0x00000000fcec0000, 0x0000000100000000)
Event: 18.650 GC heap after
Heap after GC invocations=2 (full 1):
 par new generation   total 306688K, used 34048K [0x00000000bae00000, 0x00000000cfac0000, 0x00000000cfac0000)
  eden space 272640K,   0% used [0x00000000bae00000, 0x00000000bae00000, 0x00000000cb840000)
  from space 34048K, 100% used [0x00000000cb840000, 0x00000000cd980000, 0x00000000cd980000)
  to   space 34048K,   0% used [0x00000000cd980000, 0x00000000cd980000, 0x00000000cfac0000)
 concurrent mark-sweep generation total 707840K, used 33560K [0x00000000cfac0000, 0x00000000fae00000, 0x00000000fae00000)
 concurrent-mark-sweep perm gen total 33536K, used 33352K [0x00000000fae00000, 0x00000000fcec0000, 0x0000000100000000)
}
Event: 23.530 GC heap before
{Heap before GC invocations=2 (full 1):
 par new generation   total 306688K, used 294946K [0x00000000bae00000, 0x00000000cfac0000, 0x00000000cfac0000)
  eden space 272640K,  95% used [0x00000000bae00000, 0x00000000cacc8a90, 0x00000000cb840000)
  from space 34048K, 100% used [0x00000000cb840000, 0x00000000cd980000, 0x00000000cd980000)
  to   space 34048K,   0% used [0x00000000cd980000, 0x00000000cd980000, 0x00000000cfac0000)
 concurrent mark-sweep generation total 707840K, used 33560K [0x00000000cfac0000, 0x00000000fae00000, 0x00000000fae00000)
 concurrent-mark-sweep perm gen total 55608K, used 35895K [0x00000000fae00000, 0x00000000fe44e000, 0x0000000100000000)
Event: 23.676 GC heap after
Heap after GC invocations=3 (full 1):
 par new generation   total 306688K, used 34047K [0x00000000bae00000, 0x00000000cfac0000, 0x00000000cfac0000)
  eden space 272640K,   0% used [0x00000000bae00000, 0x00000000bae00000, 0x00000000cb840000)
  from space 34048K,  99% used [0x00000000cd980000, 0x00000000cfabfff8, 0x00000000cfac0000)
  to   space 34048K,   0% used [0x00000000cb840000, 0x00000000cb840000, 0x00000000cd980000)
 concurrent mark-sweep generation total 707840K, used 59291K [0x00000000cfac0000, 0x00000000fae00000, 0x00000000fae00000)
 concurrent-mark-sweep perm gen total 55608K, used 35895K [0x00000000fae00000, 0x00000000fe44e000, 0x0000000100000000)
}
Event: 26.644 GC heap before
{Heap before GC invocations=3 (full 2):
 par new generation   total 306688K, used 302981K [0x00000000bae00000, 0x00000000cfac0000, 0x00000000cfac0000)
  eden space 272640K,  98% used [0x00000000bae00000, 0x00000000cb4a1618, 0x00000000cb840000)
  from space 34048K,  99% used [0x00000000cd980000, 0x00000000cfabfff8, 0x00000000cfac0000)
  to   space 34048K,   0% used [0x00000000cb840000, 0x00000000cb840000, 0x00000000cd980000)
 concurrent mark-sweep generation total 707840K, used 59291K [0x00000000cfac0000, 0x00000000fae00000, 0x00000000fae00000)
 concurrent-mark-sweep perm gen total 55608K, used 37673K [0x00000000fae00000, 0x00000000fe44e000, 0x0000000100000000)
Event: 26.674 GC heap after
Heap after GC invocations=4 (full 2):
 par new generation   total 306688K, used 15613K [0x00000000bae00000, 0x00000000cfac0000, 0x00000000cfac0000)
  eden space 272640K,   0% used [0x00000000bae00000, 0x00000000bae00000, 0x00000000cb840000)
  from space 34048K,  45% used [0x00000000cb840000, 0x00000000cc77f6c8, 0x00000000cd980000)
  to   space 34048K,   0% used [0x00000000cd980000, 0x00000000cd980000, 0x00000000cfac0000)
 concurrent mark-sweep generation total 707840K, used 66641K [0x00000000cfac0000, 0x00000000fae00000, 0x00000000fae00000)
 concurrent-mark-sweep perm gen total 55608K, used 37673K [0x00000000fae00000, 0x00000000fe44e000, 0x0000000100000000)
}
Event: 45.963 GC heap before
{Heap before GC invocations=4 (full 2):
 par new generation   total 306688K, used 288253K [0x00000000bae00000, 0x00000000cfac0000, 0x00000000cfac0000)
  eden space 272640K, 100% used [0x00000000bae00000, 0x00000000cb840000, 0x00000000cb840000)
  from space 34048K,  45% used [0x00000000cb840000, 0x00000000cc77f6c8, 0x00000000cd980000)
  to   space 34048K,   0% used [0x00000000cd980000, 0x00000000cd980000, 0x00000000cfac0000)
 concurrent mark-sweep generation total 707840K, used 49315K [0x00000000cfac0000, 0x00000000fae00000, 0x00000000fae00000)
 concurrent-mark-sweep perm gen total 64312K, used 40555K [0x00000000fae00000, 0x00000000fecce000, 0x0000000100000000)
Event: 45.980 GC heap after
Heap after GC invocations=5 (full 2):
 par new generation   total 306688K, used 13819K [0x00000000bae00000, 0x00000000cfac0000, 0x00000000cfac0000)
  eden space 272640K,   0% used [0x00000000bae00000, 0x00000000bae00000, 0x00000000cb840000)
  from space 34048K,  40% used [0x00000000cd980000, 0x00000000ce6fee38, 0x00000000cfac0000)
  to   space 34048K,   0% used [0x00000000cb840000, 0x00000000cb840000, 0x00000000cd980000)
 concurrent mark-sweep generation total 707840K, used 49315K [0x00000000cfac0000, 0x00000000fae00000, 0x00000000fae00000)
 concurrent-mark-sweep perm gen total 64312K, used 40555K [0x00000000fae00000, 0x00000000fecce000, 0x0000000100000000)
}

Deoptimization events (10 events):
Event: 28.441 Thread 0x0000000017dd0800 Uncommon trap: reason=unreached action=reinterpret pc=0x000000000281e6e8 method=java.util.Arrays.equals([B[B)Z @ 12
Event: 28.489 Thread 0x0000000017dd0800 Uncommon trap: reason=unreached action=reinterpret pc=0x00000000028b1d88 method=java.lang.Integer.parseInt(Ljava/lang/String;I)I @ 1
Event: 32.311 Thread 0x0000000002359000 Uncommon trap: reason=unreached action=reinterpret pc=0x0000000002913ee8 method=java.net.URLStreamHandler.parseURL(Ljava/net/URL;Ljava/lang/String;II)V @ 682
Event: 32.343 Thread 0x0000000017dd1000 Uncommon trap: reason=bimorphic action=maybe_recompile pc=0x000000000291a8c8 method=java.net.URL.openConnection()Ljava/net/URLConnection; @ 5
Event: 32.522 Thread 0x0000000017dd2000 Uncommon trap: reason=bimorphic action=maybe_recompile pc=0x000000000291a8c8 method=java.net.URL.openConnection()Ljava/net/URLConnection; @ 5
Event: 37.107 Thread 0x0000000017dd1000 Uncommon trap: reason=unreached action=reinterpret pc=0x000000000287c144 method=com.jcraft.jorbis.Block.synthesis(Lcom/jcraft/jogg/Packet;)I @ 217
Event: 37.113 Thread 0x0000000017dd1000 Uncommon trap: reason=unreached action=reinterpret pc=0x0000000002871230 method=com.jcraft.jorbis.Floor1.inverse2(Lcom/jcraft/jorbis/Block;Ljava/lang/Object;Ljava/lang/Object;[F)I @ 33
Event: 37.149 Thread 0x0000000002359000 Uncommon trap: reason=null_check action=make_not_entrant pc=0x0000000002893150 method=net.minecraft.client.renderer.texture.TextureManager.bindTexture(Lnet/minecraft/util/ResourceLocation;)V @ 10
Event: 37.151 Thread 0x0000000002359000 Uncommon trap: reason=class_check action=maybe_recompile pc=0x000000000297facc method=java.awt.image.BufferedImage.getRGB(IIII[III)[I @ 205
Event: 37.532 Thread 0x0000000017dd2000 Uncommon trap: reason=null_check action=make_not_entrant pc=0x00000000029494cc method=com.jcraft.jorbis.Floor1.inverse1(Lcom/jcraft/jorbis/Block;Ljava/lang/Object;Ljava/lang/Object;)Ljava/lang/Object; @ 38

Internal exceptions (10 events):
Event: 42.497 Thread 0x0000000017dd1000 Threw 0x00000000c95c4800 at C:\jdk7u2_64p\jdk7u40\hotspot\src\share\vm\prims\jvm.cpp:2965
Event: 42.497 Thread 0x0000000017dd2000 Threw 0x00000000c93d0080 at C:\jdk7u2_64p\jdk7u40\hotspot\src\share\vm\prims\jvm.cpp:2965
Event: 54.676 Thread 0x0000000017dd1000 Threw 0x00000000be9ff810 at C:\jdk7u2_64p\jdk7u40\hotspot\src\share\vm\prims\jvm.cpp:2965
Event: 54.686 Thread 0x0000000017dd1000 Threw 0x00000000bead6a18 at C:\jdk7u2_64p\jdk7u40\hotspot\src\share\vm\prims\jvm.cpp:2965
Event: 54.686 Thread 0x0000000017dd2000 Threw 0x00000000be9c16c0 at C:\jdk7u2_64p\jdk7u40\hotspot\src\share\vm\prims\jvm.cpp:2965
Event: 57.609 Thread 0x0000000017dd1000 Threw 0x00000000bead6b88 at C:\jdk7u2_64p\jdk7u40\hotspot\src\share\vm\prims\jvm.cpp:2965
Event: 57.609 Thread 0x0000000017dd1000 Threw 0x00000000bead7918 at C:\jdk7u2_64p\jdk7u40\hotspot\src\share\vm\prims\jvm.cpp:2917
Event: 58.309 Thread 0x0000000017dd1000 Threw 0x00000000bead7a88 at C:\jdk7u2_64p\jdk7u40\hotspot\src\share\vm\prims\jvm.cpp:2965
Event: 58.349 Thread 0x0000000017dd1000 Threw 0x00000000bead8818 at C:\jdk7u2_64p\jdk7u40\hotspot\src\share\vm\prims\jvm.cpp:2965
Event: 58.349 Thread 0x0000000017dd1000 Threw 0x00000000bead8988 at C:\jdk7u2_64p\jdk7u40\hotspot\src\share\vm\prims\jvm.cpp:2917

Events (10 events):
Event: 58.451 Executing VM operation: RevokeBias
Event: 58.451 Executing VM operation: RevokeBias done
Event: 58.467 Executing VM operation: RevokeBias
Event: 58.467 Executing VM operation: RevokeBias done
Event: 58.467 Executing VM operation: RevokeBias
Event: 58.467 Executing VM operation: RevokeBias done
Event: 58.468 Executing VM operation: RevokeBias
Event: 58.468 Executing VM operation: RevokeBias done
Event: 58.471 Executing VM operation: RevokeBias
Event: 58.471 Executing VM operation: RevokeBias done


Dynamic libraries:
0x000000013f170000 - 0x000000013f1a3000 	C:\Program Files\Java\jre7\bin\javaw.exe
0x0000000077ab0000 - 0x0000000077c59000 	C:\Windows\SYSTEM32\ntdll.dll
0x0000000077890000 - 0x00000000779af000 	C:\Windows\system32\kernel32.dll
0x000007fefdbb0000 - 0x000007fefdc1c000 	C:\Windows\system32\KERNELBASE.dll
0x000007fefeca0000 - 0x000007fefed7b000 	C:\Windows\system32\ADVAPI32.dll
0x000007fefe000000 - 0x000007fefe09f000 	C:\Windows\system32\msvcrt.dll
0x000007fefe960000 - 0x000007fefe97f000 	C:\Windows\SYSTEM32\sechost.dll
0x000007fefdeb0000 - 0x000007fefdfdd000 	C:\Windows\system32\RPCRT4.dll
0x00000000779b0000 - 0x0000000077aaa000 	C:\Windows\system32\USER32.dll
0x000007fefead0000 - 0x000007fefeb37000 	C:\Windows\system32\GDI32.dll
0x000007feffdb0000 - 0x000007feffdbe000 	C:\Windows\system32\LPK.dll
0x000007fefdca0000 - 0x000007fefdd69000 	C:\Windows\system32\USP10.dll
0x000007fefc490000 - 0x000007fefc684000 	C:\Windows\WinSxS\amd64_microsoft.windows.common-controls_6595b64144ccf1df_6.0.7601.17514_none_fa396087175ac9ac\COMCTL32.dll
0x000007fefea20000 - 0x000007fefea91000 	C:\Windows\system32\SHLWAPI.dll
0x000007fefeaa0000 - 0x000007fefeace000 	C:\Windows\system32\IMM32.DLL
0x000007fefe800000 - 0x000007fefe909000 	C:\Windows\system32\MSCTF.dll
0x000000005f350000 - 0x000000005f421000 	C:\Program Files\Java\jre7\bin\msvcr100.dll
0x0000000056ef0000 - 0x00000000576b9000 	C:\Program Files\Java\jre7\bin\server\jvm.dll
0x000007fef04d0000 - 0x000007fef04d9000 	C:\Windows\system32\WSOCK32.dll
0x000007fefe910000 - 0x000007fefe95d000 	C:\Windows\system32\WS2_32.dll
0x000007feffda0000 - 0x000007feffda8000 	C:\Windows\system32\NSI.dll
0x000007fefbb20000 - 0x000007fefbb5b000 	C:\Windows\system32\WINMM.dll
0x0000000077c80000 - 0x0000000077c87000 	C:\Windows\system32\PSAPI.DLL
0x0000000073e90000 - 0x0000000073e9f000 	C:\Program Files\Java\jre7\bin\verify.dll
0x00000000679a0000 - 0x00000000679c8000 	C:\Program Files\Java\jre7\bin\java.dll
0x000000006f080000 - 0x000000006f095000 	C:\Program Files\Java\jre7\bin\zip.dll
0x0000000074980000 - 0x000000007498b000 	C:\Program Files\Java\jre7\bin\management.dll
0x0000000066100000 - 0x0000000066119000 	C:\Program Files\Java\jre7\bin\net.dll
0x000007fefd0c0000 - 0x000007fefd115000 	C:\Windows\system32\mswsock.dll
0x000007fefd0b0000 - 0x000007fefd0b7000 	C:\Windows\System32\wship6.dll
0x0000000067fb0000 - 0x0000000067fc1000 	C:\Program Files\Java\jre7\bin\nio.dll
0x000007fefbb00000 - 0x000007fefbb15000 	C:\Windows\system32\NLAapi.dll
0x000007fef8360000 - 0x000007fef8375000 	C:\Windows\system32\napinsp.dll
0x000007fef0c30000 - 0x000007fef0c49000 	C:\Windows\system32\pnrpnsp.dll
0x000007fefcf40000 - 0x000007fefcf9b000 	C:\Windows\system32\DNSAPI.dll
0x000007fef4d20000 - 0x000007fef4d2b000 	C:\Windows\System32\winrnr.dll
0x000007fef4ca0000 - 0x000007fef4cb0000 	C:\Windows\system32\wshbth.dll
0x000007fefa170000 - 0x000007fefa19e000 	C:\Program Files\Common Files\Microsoft Shared\Windows Live\WLIDNSP.DLL
0x00000000724a0000 - 0x00000000724c6000 	C:\Program Files\Bonjour\mdnsNSP.dll
0x000007fefafa0000 - 0x000007fefafc7000 	C:\Windows\system32\Iphlpapi.DLL
0x000007fefb080000 - 0x000007fefb08b000 	C:\Windows\system32\WINNSI.DLL
0x000007fefca50000 - 0x000007fefca57000 	C:\Windows\System32\wshtcpip.dll
0x000007fefa160000 - 0x000007fefa168000 	C:\Windows\system32\rasadhlp.dll
0x000007fefb020000 - 0x000007fefb073000 	C:\Windows\System32\fwpuclnt.dll
0x0000000180000000 - 0x0000000180050000 	C:\Users\Emma\Desktop\Modding\build\natives\lwjgl64.dll
0x000007fefb740000 - 0x000007fefb85d000 	C:\Windows\system32\OPENGL32.dll
0x000007fefc6a0000 - 0x000007fefc6cd000 	C:\Windows\system32\GLU32.dll
0x000007fef6980000 - 0x000007fef6a71000 	C:\Windows\system32\DDRAW.dll
0x000007fefc690000 - 0x000007fefc698000 	C:\Windows\system32\DCIMAN32.dll
0x000007fefe350000 - 0x000007fefe527000 	C:\Windows\system32\SETUPAPI.dll
0x000007fefdc20000 - 0x000007fefdc56000 	C:\Windows\system32\CFGMGR32.dll
0x000007fefddd0000 - 0x000007fefdea7000 	C:\Windows\system32\OLEAUT32.dll
0x000007feffb90000 - 0x000007feffd93000 	C:\Windows\system32\ole32.dll
0x000007fefda90000 - 0x000007fefdaaa000 	C:\Windows\system32\DEVOBJ.dll
0x000007fefb6a0000 - 0x000007fefb6b8000 	C:\Windows\system32\dwmapi.dll
0x000007fefc980000 - 0x000007fefc98c000 	C:\Windows\system32\VERSION.dll
0x000007fefd120000 - 0x000007fefd137000 	C:\Windows\system32\CRYPTSP.dll
0x000007fefce20000 - 0x000007fefce67000 	C:\Windows\system32\rsaenh.dll
0x000007fefdc70000 - 0x000007fefdc8e000 	C:\Windows\system32\USERENV.dll
0x000007fefd8f0000 - 0x000007fefd8ff000 	C:\Windows\system32\profapi.dll
0x000007fefd780000 - 0x000007fefd78f000 	C:\Windows\system32\CRYPTBASE.dll
0x000000005f1b0000 - 0x000000005f345000 	C:\Program Files\Java\jre7\bin\awt.dll
0x000007fefc2b0000 - 0x000007fefc306000 	C:\Windows\system32\uxtheme.dll
0x000000000f9b0000 - 0x0000000010ae5000 	C:\Windows\system32\ig4icd64.dll
0x000007feedaa0000 - 0x000007feedb3c000 	C:\Windows\system32\mscms.dll
0x000007fef7490000 - 0x000007fef74d2000 	C:\Windows\system32\icm32.dll
0x0000000005850000 - 0x00000000058b4000 	C:\Users\Emma\Desktop\Modding\build\natives\OpenAL64.dll
0x000007fefee00000 - 0x000007feffb88000 	C:\Windows\system32\SHELL32.dll
0x000007fefe980000 - 0x000007fefea19000 	C:\Windows\system32\CLBCatQ.DLL
0x000007fefbdc0000 - 0x000007fefbe0b000 	C:\Windows\System32\MMDevApi.dll
0x000007fefc310000 - 0x000007fefc43c000 	C:\Windows\System32\PROPSYS.dll
0x000007fef68f0000 - 0x000007fef6978000 	C:\Windows\system32\dsound.dll
0x000007fefbe10000 - 0x000007fefbe3c000 	C:\Windows\system32\POWRPROF.dll
0x000007fefba00000 - 0x000007fefba4f000 	C:\Windows\system32\AUDIOSES.DLL
0x0000000066060000 - 0x0000000066084000 	C:\Program Files\Java\jre7\bin\sunec.dll
0x0000000074960000 - 0x000000007496b000 	C:\Program Files\Java\jre7\bin\sunmscapi.dll
0x000007fefd900000 - 0x000007fefda6c000 	C:\Windows\system32\CRYPT32.dll
0x000007fefd8e0000 - 0x000007fefd8ef000 	C:\Windows\system32\MSASN1.dll
0x000007fee7ca0000 - 0x000007fee7dc5000 	C:\Windows\system32\dbghelp.dll

VM Arguments:
jvm_args: -Xincgc -Xmx1024M -Xms1024M -Dfml.ignoreInvalidMinecraftCertificates=true -Djava.library.path=C:\Users\Emma\Desktop\Modding\build\natives;C:\Users\Emma\Desktop\Modding\build\natives;C:\Users\Emma\Desktop\Modding\build\natives;C:\Users\Emma\Desktop\Modding\build\natives;C:\Users\Emma\Desktop\Modding\build\natives;C:\Users\Emma\Desktop\Modding\build\natives;C:\Users\Emma\Desktop\Modding\build\natives;C:\Users\Emma\Desktop\Modding\build\natives;C:\Users\Emma\Desktop\Modding\build\natives;C:\Users\Emma\Desktop\Modding\build\natives -Dfile.encoding=Cp1252 
java_command: net.minecraft.launchwrapper.Launch --version 1.6 --tweakClass cpw.mods.fml.common.launcher.FMLTweaker --accessToken FML
Launcher Type: SUN_STANDARD

Environment Variables:
PATH=C:\Program Files (x86)\AMD APP\bin\x86_64;C:\Program Files (x86)\AMD APP\bin\x86;C:\Program Files\Common Files\Microsoft Shared\Windows Live;C:\Program Files (x86)\Common Files\Microsoft Shared\Windows Live;C:\Windows\system32;C:\Windows;C:\Windows\System32\Wbem;C:\Windows\System32\WindowsPowerShell\v1.0\;C:\Program Files (x86)\Windows Live\Shared;C:\Program Files (x86)\Common Files\Roxio Shared\DLLShared\;C:\Program Files (x86)\Common Files\Roxio Shared\OEM\DLLShared\;C:\Program Files (x86)\Common Files\Roxio Shared\OEM\DLLShared\;C:\Program Files (x86)\Common Files\Roxio Shared\OEM\12.0\DLLShared\;C:\Program Files (x86)\Roxio\OEM\AudioCore\;C:\Program Files\Intel\WiFi\bin\;C:\Program Files\Common Files\Intel\WirelessCommon\;C:\Program Files (x86)\QuickTime\QTSystem\;C:\Program Files\Intel\WiFi\bin\;C:\Program Files\Common Files\Intel\WirelessCommon\
USERNAME=Emma
OS=Windows_NT
PROCESSOR_IDENTIFIER=Intel64 Family 6 Model 42 Stepping 7, GenuineIntel



---------------  S Y S T E M  ---------------

OS: Windows 7 , 64 bit Build 7601 Service Pack 1

CPU:total 4 (2 cores per cpu, 2 threads per core) family 6 model 42 stepping 7, cmov, cx8, fxsr, mmx, sse, sse2, sse3, ssse3, sse4.1, sse4.2, popcnt, avx, ht, tsc, tscinvbit

Memory: 4k page, physical 4085932k(1258016k free), swap 8170000k(2803688k free)

vm_info: Java HotSpot(TM) 64-Bit Server VM (24.0-b56) for windows-amd64 JRE (1.7.0_40-b43), built on Aug 26 2013 22:38:32 by "java_re" with unknown MS VC++:1600

time: Wed Jun 25 15:04:21 2014
elapsed time: 58 seconds

