#
# A fatal error has been detected by the Java Runtime Environment:
#
#  EXCEPTION_ACCESS_VIOLATION (0xc0000005) at pc=0x000000000f7e1559, pid=6364, tid=12208
#
# JRE version: Java(TM) SE Runtime Environment (7.0_40-b43) (build 1.7.0_40-b43)
# Java VM: Java HotSpot(TM) 64-Bit Server VM (24.0-b56 mixed mode windows-amd64 compressed oops)
# Problematic frame:
# C  [ig4icd64.dll+0x41559]
#
# Failed to write core dump. Minidumps are not enabled by default on client versions of Windows
#
# If you would like to submit a bug report, please visit:
#   http://bugreport.sun.com/bugreport/crash.jsp
# The crash happened outside the Java Virtual Machine in native code.
# See problematic frame for where to report the bug.
#

---------------  T H R E A D  ---------------

Current thread (0x00000000021b9000):  JavaThread "Client thread" [_thread_in_native, id=12208, stack(0x0000000002280000,0x0000000002380000)]

siginfo: ExceptionCode=0xc0000005, reading address 0x0000000000000020

Registers:
RAX=0x0000000011d82e00, RBX=0x0000000000000001, RCX=0x0000000011d82e08, RDX=0x0000000000000088
RSP=0x000000000237e900, RBP=0x0000000020000004, RSI=0x0000000000000008, RDI=0x0000000000000000
R8 =0x0000000011d82df0, R9 =0x0000000011d82e00, R10=0x0000000000460158, R11=0x0000000000150090
R12=0x0000000000000020, R13=0x0000000000000000, R14=0x0000000020000003, R15=0x00000000004e85d8
RIP=0x000000000f7e1559, EFLAGS=0x0000000000010202

Top of Stack: (sp=0x000000000237e900)
0x000000000237e900:   0000000000000000 0000000011d82e00
0x000000000237e910:   0000000000000008 00000000004d5880
0x000000000237e920:   0000000011c318e0 fffffffffffffffe
0x000000000237e930:   0000000011dd51b0 0000000011db3201
0x000000000237e940:   0000000000000000 0000000011c318f0
0x000000000237e950:   0000000011db3260 0000000011d82e00
0x000000000237e960:   0000000000000000 0000000011db3260
0x000000000237e970:   00000000021b9000 000000000237eb98
0x000000000237e980:   00000000fcc06238 00000000109e1098
0x000000000237e990:   00000000004d5880 0000000000000008
0x000000000237e9a0:   0000000000000001 000000000f7e194f
0x000000000237e9b0:   0000000000000000 00000000004e85d8
0x000000000237e9c0:   0000000020000003 00000000004d5880
0x000000000237e9d0:   fffffffffffffffe 000007fefdbcb5a2
0x000000000237e9e0:   0000000000000001 000000000f7e19c4
0x000000000237e9f0:   00000000004d5880 0000000011c318f0 

Instructions: (pc=0x000000000f7e1559)
0x000000000f7e1539:   89 44 24 30 48 8d 4c 24 30 e8 89 4e 00 00 48 89
0x000000000f7e1549:   44 24 58 48 89 7c 24 60 41 8d 2c 1e 4d 8d 65 20
0x000000000f7e1559:   49 8b 3c 24 48 85 ff 0f 84 40 01 00 00 8b 77 0c
0x000000000f7e1569:   44 3b f6 76 08 4c 8b e7 e9 a4 00 00 00 44 8b 6f 


Register to memory mapping:

RAX=0x0000000011d82e00 is an unknown value
RBX=0x0000000000000001 is an unknown value
RCX=0x0000000011d82e08 is an unknown value
RDX=0x0000000000000088 is an unknown value
RSP=0x000000000237e900 is pointing into the stack for thread: 0x00000000021b9000
RBP=0x0000000020000004 is an unknown value
RSI=0x0000000000000008 is an unknown value
RDI=0x0000000000000000 is an unknown value
R8 =0x0000000011d82df0 is an unknown value
R9 =0x0000000011d82e00 is an unknown value
R10=0x0000000000460158 is an unknown value
R11=0x0000000000150090 is an unknown value
R12=0x0000000000000020 is an unknown value
R13=0x0000000000000000 is an unknown value
R14=0x0000000020000003 is an unknown value
R15=0x00000000004e85d8 is an unknown value


Stack: [0x0000000002280000,0x0000000002380000],  sp=0x000000000237e900,  free space=1018k
Native frames: (J=compiled Java code, j=interpreted, Vv=VM code, C=native code)
C  [ig4icd64.dll+0x41559]

Java frames: (J=compiled Java code, j=interpreted, Vv=VM code)
j  org.lwjgl.opengl.WindowsContextImplementation.nDestroy(Ljava/nio/ByteBuffer;)V+0
j  org.lwjgl.opengl.WindowsContextImplementation.destroy(Lorg/lwjgl/opengl/PeerInfo;Ljava/nio/ByteBuffer;)V+1
j  org.lwjgl.opengl.ContextGL.checkDestroy()V+29
j  org.lwjgl.opengl.ContextGL.destroy()V+48
j  org.lwjgl.opengl.ContextGL.forceDestroy()V+5
j  org.lwjgl.opengl.DrawableGL.destroy()V+24
j  org.lwjgl.opengl.Display$5.destroy()V+19
j  org.lwjgl.opengl.Display.destroy()V+9
j  net.minecraft.client.Minecraft.shutdownMinecraftApplet()V+37
j  net.minecraft.client.Minecraft.run()V+101
j  net.minecraft.client.main.Main.main([Ljava/lang/String;)V+819
v  ~StubRoutines::call_stub
j  sun.reflect.NativeMethodAccessorImpl.invoke0(Ljava/lang/reflect/Method;Ljava/lang/Object;[Ljava/lang/Object;)Ljava/lang/Object;+0
j  sun.reflect.NativeMethodAccessorImpl.invoke(Ljava/lang/Object;[Ljava/lang/Object;)Ljava/lang/Object;+87
j  sun.reflect.DelegatingMethodAccessorImpl.invoke(Ljava/lang/Object;[Ljava/lang/Object;)Ljava/lang/Object;+6
j  java.lang.reflect.Method.invoke(Ljava/lang/Object;[Ljava/lang/Object;)Ljava/lang/Object;+57
j  net.minecraft.launchwrapper.Launch.launch([Ljava/lang/String;)V+664
j  net.minecraft.launchwrapper.Launch.main([Ljava/lang/String;)V+8
v  ~StubRoutines::call_stub

---------------  P R O C E S S  ---------------

Java Threads: ( => current thread )
  0x0000000014c51800 JavaThread "LWJGL Timer" daemon [_thread_blocked, id=6988, stack(0x0000000018b30000,0x0000000018c30000)]
  0x000000000c6d2000 JavaThread "Keep-Alive-Timer" daemon [_thread_blocked, id=11052, stack(0x0000000013db0000,0x0000000013eb0000)]
  0x000000000d99a800 JavaThread "Java2D Disposer" daemon [_thread_blocked, id=4068, stack(0x000000000f6a0000,0x000000000f7a0000)]
  0x000000000cd70000 JavaThread "Timer hack thread" daemon [_thread_blocked, id=11376, stack(0x000000000c280000,0x000000000c380000)]
  0x000000000ccb4000 JavaThread "Snooper Timer" daemon [_thread_blocked, id=9448, stack(0x000000000f420000,0x000000000f520000)]
  0x000000000a284800 JavaThread "Service Thread" daemon [_thread_blocked, id=8296, stack(0x000000000aec0000,0x000000000afc0000)]
  0x000000000a270800 JavaThread "C2 CompilerThread1" daemon [_thread_blocked, id=6744, stack(0x000000000a740000,0x000000000a840000)]
  0x000000000a26c000 JavaThread "C2 CompilerThread0" daemon [_thread_blocked, id=6504, stack(0x000000000ad10000,0x000000000ae10000)]
  0x000000000a26b000 JavaThread "Attach Listener" daemon [_thread_blocked, id=8012, stack(0x000000000ab20000,0x000000000ac20000)]
  0x000000000a26a800 JavaThread "Signal Dispatcher" daemon [_thread_blocked, id=10436, stack(0x000000000a9f0000,0x000000000aaf0000)]
  0x000000000a269800 JavaThread "Surrogate Locker Thread (Concurrent GC)" daemon [_thread_blocked, id=11072, stack(0x000000000a880000,0x000000000a980000)]
  0x000000000a211800 JavaThread "Finalizer" daemon [_thread_blocked, id=10096, stack(0x000000000a070000,0x000000000a170000)]
  0x0000000009ffe800 JavaThread "Reference Handler" daemon [_thread_blocked, id=2316, stack(0x0000000009c00000,0x0000000009d00000)]
=>0x00000000021b9000 JavaThread "Client thread" [_thread_in_native, id=12208, stack(0x0000000002280000,0x0000000002380000)]

Other Threads:
  0x0000000009ff9800 VMThread [stack: 0x000000000a610000,0x000000000a710000] [id=10784]
  0x000000000a293000 WatcherThread [stack: 0x000000000b080000,0x000000000b180000] [id=5960]

VM state:not at safepoint (normal execution)

VM Mutex/Monitor currently owned by a thread: None

Heap
 par new generation   total 306688K, used 143694K [0x00000000bae00000, 0x00000000cfac0000, 0x00000000cfac0000)
  eden space 272640K,  48% used [0x00000000bae00000, 0x00000000c2e9c4f0, 0x00000000cb840000)
  from space 34048K,  35% used [0x00000000cb840000, 0x00000000cc3f7658, 0x00000000cd980000)
  to   space 34048K,   0% used [0x00000000cd980000, 0x00000000cd980000, 0x00000000cfac0000)
 concurrent mark-sweep generation total 707840K, used 68562K [0x00000000cfac0000, 0x00000000fae00000, 0x00000000fae00000)
 concurrent-mark-sweep perm gen total 56672K, used 40283K [0x00000000fae00000, 0x00000000fe558000, 0x0000000100000000)

Card table byte_map: [0x0000000005c40000,0x0000000005e70000] byte_map_base: 0x0000000005669000

Polling page: 0x0000000000120000

Code Cache  [0x00000000024c0000, 0x0000000002830000, 0x00000000054c0000)
 total_blobs=1563 nmethods=935 adapters=580 free_code_cache=45837Kb largest_free_block=46730240

Compilation events (10 events):
Event: 21.515 Thread 0x000000000a270800 nmethod 1044 0x0000000002698710 code [0x00000000026989c0, 0x000000000269b340]
Event: 21.515 Thread 0x000000000a270800 1048             com.jcraft.jorbis.Floor1::render_line (143 bytes)
Event: 21.521 Thread 0x000000000a270800 nmethod 1048 0x0000000002765590 code [0x00000000027656e0, 0x0000000002765a38]
Event: 21.521 Thread 0x000000000a270800 1049  s          com.jcraft.jorbis.Mdct::backward (468 bytes)
Event: 21.529 Thread 0x000000000a26c000 nmethod 1047 0x0000000002697510 code [0x00000000026976e0, 0x0000000002697ed0]
Event: 21.529 Thread 0x000000000a26c000 1050 % !         paulscode.sound.codecs.CodecJOrbis::readBytes @ 262 (537 bytes)
Event: 21.543 Thread 0x000000000a26c000 nmethod 1050% 0x0000000002744690 code [0x00000000027448e0, 0x0000000002745428]
Event: 21.543 Thread 0x000000000a26c000 1051             com.jcraft.jorbis.Floor1::inverse2 (212 bytes)
Event: 21.544 Thread 0x000000000a270800 nmethod 1049 0x0000000002693990 code [0x0000000002693b20, 0x0000000002694968]
Event: 21.551 Thread 0x000000000a26c000 nmethod 1051 0x0000000002743ad0 code [0x0000000002743c40, 0x0000000002744128]

GC Heap History (8 events):
Event: 8.432 GC heap before
{Heap before GC invocations=0 (full 0):
 par new generation   total 306688K, used 272640K [0x00000000bae00000, 0x00000000cfac0000, 0x00000000cfac0000)
  eden space 272640K, 100% used [0x00000000bae00000, 0x00000000cb840000, 0x00000000cb840000)
  from space 34048K,   0% used [0x00000000cb840000, 0x00000000cb840000, 0x00000000cd980000)
  to   space 34048K,   0% used [0x00000000cd980000, 0x00000000cd980000, 0x00000000cfac0000)
 concurrent mark-sweep generation total 707840K, used 0K [0x00000000cfac0000, 0x00000000fae00000, 0x00000000fae00000)
 concurrent-mark-sweep perm gen total 26432K, used 26235K [0x00000000fae00000, 0x00000000fc7d0000, 0x0000000100000000)
Event: 8.471 GC heap after
Heap after GC invocations=1 (full 0):
 par new generation   total 306688K, used 34048K [0x00000000bae00000, 0x00000000cfac0000, 0x00000000cfac0000)
  eden space 272640K,   0% used [0x00000000bae00000, 0x00000000bae00000, 0x00000000cb840000)
  from space 34048K, 100% used [0x00000000cd980000, 0x00000000cfac0000, 0x00000000cfac0000)
  to   space 34048K,   0% used [0x00000000cb840000, 0x00000000cb840000, 0x00000000cd980000)
 concurrent mark-sweep generation total 707840K, used 1804K [0x00000000cfac0000, 0x00000000fae00000, 0x00000000fae00000)
 concurrent-mark-sweep perm gen total 26432K, used 26235K [0x00000000fae00000, 0x00000000fc7d0000, 0x0000000100000000)
}
Event: 12.770 GC heap before
{Heap before GC invocations=1 (full 1):
 par new generation   total 306688K, used 306688K [0x00000000bae00000, 0x00000000cfac0000, 0x00000000cfac0000)
  eden space 272640K, 100% used [0x00000000bae00000, 0x00000000cb840000, 0x00000000cb840000)
  from space 34048K, 100% used [0x00000000cd980000, 0x00000000cfac0000, 0x00000000cfac0000)
  to   space 34048K,   0% used [0x00000000cb840000, 0x00000000cb840000, 0x00000000cd980000)
 concurrent mark-sweep generation total 707840K, used 1804K [0x00000000cfac0000, 0x00000000fae00000, 0x00000000fae00000)
 concurrent-mark-sweep perm gen total 33536K, used 33325K [0x00000000fae00000, 0x00000000fcec0000, 0x0000000100000000)
Event: 12.877 GC heap after
Heap after GC invocations=2 (full 1):
 par new generation   total 306688K, used 34048K [0x00000000bae00000, 0x00000000cfac0000, 0x00000000cfac0000)
  eden space 272640K,   0% used [0x00000000bae00000, 0x00000000bae00000, 0x00000000cb840000)
  from space 34048K, 100% used [0x00000000cb840000, 0x00000000cd980000, 0x00000000cd980000)
  to   space 34048K,   0% used [0x00000000cd980000, 0x00000000cd980000, 0x00000000cfac0000)
 concurrent mark-sweep generation total 707840K, used 37466K [0x00000000cfac0000, 0x00000000fae00000, 0x00000000fae00000)
 concurrent-mark-sweep perm gen total 33536K, used 33325K [0x00000000fae00000, 0x00000000fcec0000, 0x0000000100000000)
}
Event: 15.374 GC heap before
{Heap before GC invocations=2 (full 1):
 par new generation   total 306688K, used 298996K [0x00000000bae00000, 0x00000000cfac0000, 0x00000000cfac0000)
  eden space 272640K,  97% used [0x00000000bae00000, 0x00000000cb0bd150, 0x00000000cb840000)
  from space 34048K, 100% used [0x00000000cb840000, 0x00000000cd980000, 0x00000000cd980000)
  to   space 34048K,   0% used [0x00000000cd980000, 0x00000000cd980000, 0x00000000cfac0000)
 concurrent mark-sweep generation total 707840K, used 37466K [0x00000000cfac0000, 0x00000000fae00000, 0x00000000fae00000)
 concurrent-mark-sweep perm gen total 56672K, used 35726K [0x00000000fae00000, 0x00000000fe558000, 0x0000000100000000)
Event: 15.438 GC heap after
Heap after GC invocations=3 (full 1):
 par new generation   total 306688K, used 34048K [0x00000000bae00000, 0x00000000cfac0000, 0x00000000cfac0000)
  eden space 272640K,   0% used [0x00000000bae00000, 0x00000000bae00000, 0x00000000cb840000)
  from space 34048K, 100% used [0x00000000cd980000, 0x00000000cfac0000, 0x00000000cfac0000)
  to   space 34048K,   0% used [0x00000000cb840000, 0x00000000cb840000, 0x00000000cd980000)
 concurrent mark-sweep generation total 707840K, used 62317K [0x00000000cfac0000, 0x00000000fae00000, 0x00000000fae00000)
 concurrent-mark-sweep perm gen total 56672K, used 35726K [0x00000000fae00000, 0x00000000fe558000, 0x0000000100000000)
}
Event: 17.545 GC heap before
{Heap before GC invocations=3 (full 2):
 par new generation   total 306688K, used 290519K [0x00000000bae00000, 0x00000000cfac0000, 0x00000000cfac0000)
  eden space 272640K,  94% used [0x00000000bae00000, 0x00000000ca875ea8, 0x00000000cb840000)
  from space 34048K, 100% used [0x00000000cd980000, 0x00000000cfac0000, 0x00000000cfac0000)
  to   space 34048K,   0% used [0x00000000cb840000, 0x00000000cb840000, 0x00000000cd980000)
 concurrent mark-sweep generation total 707840K, used 62317K [0x00000000cfac0000, 0x00000000fae00000, 0x00000000fae00000)
 concurrent-mark-sweep perm gen total 56672K, used 38153K [0x00000000fae00000, 0x00000000fe558000, 0x0000000100000000)
Event: 17.571 GC heap after
Heap after GC invocations=4 (full 2):
 par new generation   total 306688K, used 11997K [0x00000000bae00000, 0x00000000cfac0000, 0x00000000cfac0000)
  eden space 272640K,   0% used [0x00000000bae00000, 0x00000000bae00000, 0x00000000cb840000)
  from space 34048K,  35% used [0x00000000cb840000, 0x00000000cc3f7658, 0x00000000cd980000)
  to   space 34048K,   0% used [0x00000000cd980000, 0x00000000cd980000, 0x00000000cfac0000)
 concurrent mark-sweep generation total 707840K, used 68562K [0x00000000cfac0000, 0x00000000fae00000, 0x00000000fae00000)
 concurrent-mark-sweep perm gen total 56672K, used 38153K [0x00000000fae00000, 0x00000000fe558000, 0x0000000100000000)
}

Deoptimization events (10 events):
Event: 18.639 Thread 0x00000000150d7000 Uncommon trap: reason=unreached action=reinterpret pc=0x00000000027ea420 method=java.lang.Integer.parseInt(Ljava/lang/String;I)I @ 1
Event: 20.162 Thread 0x000000000c6d2000 Uncommon trap: reason=class_check action=maybe_recompile pc=0x00000000026506c8 method=java.util.AbstractList.subList(II)Ljava/util/List; @ 1
Event: 20.162 Thread 0x000000000c6d2000 Uncommon trap: reason=class_check action=maybe_recompile pc=0x000000000279e034 method=java.util.SubList.<init>(Ljava/util/AbstractList;II)V @ 37
Event: 20.162 Thread 0x000000000c6d2000 Uncommon trap: reason=class_check action=maybe_recompile pc=0x00000000026506c8 method=java.util.AbstractList.subList(II)Ljava/util/List; @ 1
Event: 20.162 Thread 0x000000000c6d2000 Uncommon trap: reason=class_check action=maybe_recompile pc=0x000000000279e034 method=java.util.SubList.<init>(Ljava/util/AbstractList;II)V @ 37
Event: 20.163 Thread 0x000000000c6d2000 Uncommon trap: reason=class_check action=maybe_recompile pc=0x00000000026506c8 method=java.util.AbstractList.subList(II)Ljava/util/List; @ 1
Event: 20.163 Thread 0x000000000c6d2000 Uncommon trap: reason=class_check action=maybe_recompile pc=0x000000000279e034 method=java.util.SubList.<init>(Ljava/util/AbstractList;II)V @ 37
Event: 21.288 Thread 0x00000000021b9000 Uncommon trap: reason=unreached action=reinterpret pc=0x00000000027fd0b0 method=java.net.URL.<init>(Ljava/net/URL;Ljava/lang/String;Ljava/net/URLStreamHandler;)V @ 30
Event: 21.288 Thread 0x00000000021b9000 Uncommon trap: reason=unloaded action=reinterpret pc=0x0000000002741acc method=java.net.URLStreamHandler.parseURL(Ljava/net/URL;Ljava/lang/String;II)V @ 781
Event: 21.322 Thread 0x000000000db2d800 Uncommon trap: reason=bimorphic action=maybe_recompile pc=0x0000000002654320 method=java.net.URL.openConnection()Ljava/net/URLConnection; @ 5

Internal exceptions (10 events):
Event: 17.761 Thread 0x000000000db2d800 Threw 0x00000000c15d75a0 at C:\jdk7u2_64p\jdk7u40\hotspot\src\share\vm\prims\jvm.cpp:2965
Event: 17.814 Thread 0x00000000021b9000 Threw 0x00000000bc191490 at C:\jdk7u2_64p\jdk7u40\hotspot\src\share\vm\prims\jvm.cpp:1244
Event: 17.815 Thread 0x00000000021b9000 Threw 0x00000000bc195ef8 at C:\jdk7u2_64p\jdk7u40\hotspot\src\share\vm\prims\jvm.cpp:1244
Event: 17.815 Thread 0x00000000021b9000 Threw 0x00000000bc19aaa0 at C:\jdk7u2_64p\jdk7u40\hotspot\src\share\vm\prims\jvm.cpp:1244
Event: 18.599 Thread 0x00000000150d7000 Implicit null exception at 0x00000000027eb098 to 0x00000000027eb1d5
Event: 18.639 Thread 0x00000000150d7000 Implicit null exception at 0x00000000027e9e8f to 0x00000000027ea40d
Event: 21.301 Thread 0x000000000db2d800 Threw 0x00000000c15d7710 at C:\jdk7u2_64p\jdk7u40\hotspot\src\share\vm\prims\jvm.cpp:2965
Event: 21.471 Thread 0x000000000db2d800 Threw 0x00000000c2cc8858 at C:\jdk7u2_64p\jdk7u40\hotspot\src\share\vm\prims\jvm.cpp:2965
Event: 21.471 Thread 0x000000000db2d800 Threw 0x00000000c2cc89c8 at C:\jdk7u2_64p\jdk7u40\hotspot\src\share\vm\prims\jvm.cpp:2965
Event: 21.571 Thread 0x00000000156d9000 Threw 0x00000000c2cd5ec8 at C:\jdk7u2_64p\jdk7u40\hotspot\src\share\vm\prims\jvm.cpp:2965

Events (10 events):
Event: 21.425 Thread 0x000000000a26c000 flushing nmethod 0x0000000002692550
Event: 21.431 Thread 0x000000000a270800 flushing nmethod 0x00000000026d4250
Event: 21.431 Thread 0x000000000a270800 flushing nmethod 0x0000000002711890
Event: 21.468 Thread 0x000000000a26c000 flushing nmethod 0x0000000002743990
Event: 21.471 Thread 0x000000000db2d800 Thread exited: 0x000000000db2d800
Event: 21.571 Executing VM operation: RevokeBias
Event: 21.571 Executing VM operation: RevokeBias done
Event: 21.571 Thread 0x00000000156d9000 Thread exited: 0x00000000156d9000
Event: 21.679 Executing VM operation: RevokeBias
Event: 21.679 Executing VM operation: RevokeBias done


Dynamic libraries:
0x000000013f270000 - 0x000000013f2a3000 	C:\Program Files\Java\jre7\bin\javaw.exe
0x0000000077ab0000 - 0x0000000077c59000 	C:\Windows\SYSTEM32\ntdll.dll
0x0000000077890000 - 0x00000000779af000 	C:\Windows\system32\kernel32.dll
0x000007fefdbb0000 - 0x000007fefdc1c000 	C:\Windows\system32\KERNELBASE.dll
0x000007fefeca0000 - 0x000007fefed7b000 	C:\Windows\system32\ADVAPI32.dll
0x000007fefe000000 - 0x000007fefe09f000 	C:\Windows\system32\msvcrt.dll
0x000007fefe960000 - 0x000007fefe97f000 	C:\Windows\SYSTEM32\sechost.dll
0x000007fefdeb0000 - 0x000007fefdfdd000 	C:\Windows\system32\RPCRT4.dll
0x00000000779b0000 - 0x0000000077aaa000 	C:\Windows\system32\USER32.dll
0x000007fefead0000 - 0x000007fefeb37000 	C:\Windows\system32\GDI32.dll
0x000007feffdb0000 - 0x000007feffdbe000 	C:\Windows\system32\LPK.dll
0x000007fefdca0000 - 0x000007fefdd69000 	C:\Windows\system32\USP10.dll
0x000007fefc490000 - 0x000007fefc684000 	C:\Windows\WinSxS\amd64_microsoft.windows.common-controls_6595b64144ccf1df_6.0.7601.17514_none_fa396087175ac9ac\COMCTL32.dll
0x000007fefea20000 - 0x000007fefea91000 	C:\Windows\system32\SHLWAPI.dll
0x000007fefeaa0000 - 0x000007fefeace000 	C:\Windows\system32\IMM32.DLL
0x000007fefe800000 - 0x000007fefe909000 	C:\Windows\system32\MSCTF.dll
0x000000005d9d0000 - 0x000000005daa1000 	C:\Program Files\Java\jre7\bin\msvcr100.dll
0x0000000056010000 - 0x00000000567d9000 	C:\Program Files\Java\jre7\bin\server\jvm.dll
0x000007fef04d0000 - 0x000007fef04d9000 	C:\Windows\system32\WSOCK32.dll
0x000007fefe910000 - 0x000007fefe95d000 	C:\Windows\system32\WS2_32.dll
0x000007feffda0000 - 0x000007feffda8000 	C:\Windows\system32\NSI.dll
0x000007fefbb20000 - 0x000007fefbb5b000 	C:\Windows\system32\WINMM.dll
0x0000000077c80000 - 0x0000000077c87000 	C:\Windows\system32\PSAPI.DLL
0x0000000074980000 - 0x000000007498f000 	C:\Program Files\Java\jre7\bin\verify.dll
0x00000000679a0000 - 0x00000000679c8000 	C:\Program Files\Java\jre7\bin\java.dll
0x0000000073e80000 - 0x0000000073e95000 	C:\Program Files\Java\jre7\bin\zip.dll
0x0000000070100000 - 0x000000007010b000 	C:\Program Files\Java\jre7\bin\management.dll
0x000000006f080000 - 0x000000006f099000 	C:\Program Files\Java\jre7\bin\net.dll
0x000007fefd0c0000 - 0x000007fefd115000 	C:\Windows\system32\mswsock.dll
0x000007fefd0b0000 - 0x000007fefd0b7000 	C:\Windows\System32\wship6.dll
0x0000000067fb0000 - 0x0000000067fc1000 	C:\Program Files\Java\jre7\bin\nio.dll
0x000007fefbb00000 - 0x000007fefbb15000 	C:\Windows\system32\NLAapi.dll
0x000007fef8360000 - 0x000007fef8375000 	C:\Windows\system32\napinsp.dll
0x000007fef0c30000 - 0x000007fef0c49000 	C:\Windows\system32\pnrpnsp.dll
0x000007fefcf40000 - 0x000007fefcf9b000 	C:\Windows\system32\DNSAPI.dll
0x000007fef4d20000 - 0x000007fef4d2b000 	C:\Windows\System32\winrnr.dll
0x000007fef4ca0000 - 0x000007fef4cb0000 	C:\Windows\system32\wshbth.dll
0x000007fefa170000 - 0x000007fefa19e000 	C:\Program Files\Common Files\Microsoft Shared\Windows Live\WLIDNSP.DLL
0x00000000724a0000 - 0x00000000724c6000 	C:\Program Files\Bonjour\mdnsNSP.dll
0x000007fefafa0000 - 0x000007fefafc7000 	C:\Windows\system32\Iphlpapi.DLL
0x000007fefb080000 - 0x000007fefb08b000 	C:\Windows\system32\WINNSI.DLL
0x000007fefca50000 - 0x000007fefca57000 	C:\Windows\System32\wshtcpip.dll
0x000007fefa160000 - 0x000007fefa168000 	C:\Windows\system32\rasadhlp.dll
0x000007fefb020000 - 0x000007fefb073000 	C:\Windows\System32\fwpuclnt.dll
0x0000000180000000 - 0x0000000180050000 	C:\Users\Emma\Desktop\Modding\build\natives\lwjgl64.dll
0x000007fefb740000 - 0x000007fefb85d000 	C:\Windows\system32\OPENGL32.dll
0x000007fefc6a0000 - 0x000007fefc6cd000 	C:\Windows\system32\GLU32.dll
0x000007fef6980000 - 0x000007fef6a71000 	C:\Windows\system32\DDRAW.dll
0x000007fefc690000 - 0x000007fefc698000 	C:\Windows\system32\DCIMAN32.dll
0x000007fefe350000 - 0x000007fefe527000 	C:\Windows\system32\SETUPAPI.dll
0x000007fefdc20000 - 0x000007fefdc56000 	C:\Windows\system32\CFGMGR32.dll
0x000007fefddd0000 - 0x000007fefdea7000 	C:\Windows\system32\OLEAUT32.dll
0x000007feffb90000 - 0x000007feffd93000 	C:\Windows\system32\ole32.dll
0x000007fefda90000 - 0x000007fefdaaa000 	C:\Windows\system32\DEVOBJ.dll
0x000007fefb6a0000 - 0x000007fefb6b8000 	C:\Windows\system32\dwmapi.dll
0x000007fefc980000 - 0x000007fefc98c000 	C:\Windows\system32\VERSION.dll
0x000007fefd120000 - 0x000007fefd137000 	C:\Windows\system32\CRYPTSP.dll
0x000007fefce20000 - 0x000007fefce67000 	C:\Windows\system32\rsaenh.dll
0x000007fefdc70000 - 0x000007fefdc8e000 	C:\Windows\system32\USERENV.dll
0x000007fefd8f0000 - 0x000007fefd8ff000 	C:\Windows\system32\profapi.dll
0x000007fefd780000 - 0x000007fefd78f000 	C:\Windows\system32\CRYPTBASE.dll
0x000000005d830000 - 0x000000005d9c5000 	C:\Program Files\Java\jre7\bin\awt.dll
0x000007fefc2b0000 - 0x000007fefc306000 	C:\Windows\system32\uxtheme.dll
0x000000000f7a0000 - 0x00000000108d5000 	C:\Windows\system32\ig4icd64.dll
0x000007feed960000 - 0x000007feed9fc000 	C:\Windows\system32\mscms.dll
0x000007fef7490000 - 0x000007fef74d2000 	C:\Windows\system32\icm32.dll
0x0000000009b60000 - 0x0000000009bc4000 	C:\Users\Emma\Desktop\Modding\build\natives\OpenAL64.dll
0x000007fefee00000 - 0x000007feffb88000 	C:\Windows\system32\SHELL32.dll
0x000007fefe980000 - 0x000007fefea19000 	C:\Windows\system32\CLBCatQ.DLL
0x000007fefbdc0000 - 0x000007fefbe0b000 	C:\Windows\System32\MMDevApi.dll
0x000007fefc310000 - 0x000007fefc43c000 	C:\Windows\System32\PROPSYS.dll
0x000007fef68f0000 - 0x000007fef6978000 	C:\Windows\system32\dsound.dll
0x000007fefbe10000 - 0x000007fefbe3c000 	C:\Windows\system32\POWRPROF.dll
0x000007fefba00000 - 0x000007fefba4f000 	C:\Windows\system32\AUDIOSES.DLL
0x0000000066060000 - 0x0000000066084000 	C:\Program Files\Java\jre7\bin\sunec.dll
0x000000006fdd0000 - 0x000000006fddb000 	C:\Program Files\Java\jre7\bin\sunmscapi.dll
0x000007fefd900000 - 0x000007fefda6c000 	C:\Windows\system32\CRYPT32.dll
0x000007fefd8e0000 - 0x000007fefd8ef000 	C:\Windows\system32\MSASN1.dll
0x000007fee7ca0000 - 0x000007fee7dc5000 	C:\Windows\system32\dbghelp.dll

VM Arguments:
jvm_args: -Xincgc -Xmx1024M -Xms1024M -Dfml.ignoreInvalidMinecraftCertificates=true -Djava.library.path=C:\Users\Emma\Desktop\Modding\build\natives;C:\Users\Emma\Desktop\Modding\build\natives;C:\Users\Emma\Desktop\Modding\build\natives;C:\Users\Emma\Desktop\Modding\build\natives;C:\Users\Emma\Desktop\Modding\build\natives;C:\Users\Emma\Desktop\Modding\build\natives;C:\Users\Emma\Desktop\Modding\build\natives;C:\Users\Emma\Desktop\Modding\build\natives;C:\Users\Emma\Desktop\Modding\build\natives;C:\Users\Emma\Desktop\Modding\build\natives -Dfile.encoding=Cp1252 
java_command: net.minecraft.launchwrapper.Launch --version 1.6 --tweakClass cpw.mods.fml.common.launcher.FMLTweaker --accessToken FML
Launcher Type: SUN_STANDARD

Environment Variables:
PATH=C:\Program Files (x86)\AMD APP\bin\x86_64;C:\Program Files (x86)\AMD APP\bin\x86;C:\Program Files\Common Files\Microsoft Shared\Windows Live;C:\Program Files (x86)\Common Files\Microsoft Shared\Windows Live;C:\Windows\system32;C:\Windows;C:\Windows\System32\Wbem;C:\Windows\System32\WindowsPowerShell\v1.0\;C:\Program Files (x86)\Windows Live\Shared;C:\Program Files (x86)\Common Files\Roxio Shared\DLLShared\;C:\Program Files (x86)\Common Files\Roxio Shared\OEM\DLLShared\;C:\Program Files (x86)\Common Files\Roxio Shared\OEM\DLLShared\;C:\Program Files (x86)\Common Files\Roxio Shared\OEM\12.0\DLLShared\;C:\Program Files (x86)\Roxio\OEM\AudioCore\;C:\Program Files\Intel\WiFi\bin\;C:\Program Files\Common Files\Intel\WirelessCommon\;C:\Program Files (x86)\QuickTime\QTSystem\;C:\Program Files\Intel\WiFi\bin\;C:\Program Files\Common Files\Intel\WirelessCommon\
USERNAME=Emma
OS=Windows_NT
PROCESSOR_IDENTIFIER=Intel64 Family 6 Model 42 Stepping 7, GenuineIntel



---------------  S Y S T E M  ---------------

OS: Windows 7 , 64 bit Build 7601 Service Pack 1

CPU:total 4 (2 cores per cpu, 2 threads per core) family 6 model 42 stepping 7, cmov, cx8, fxsr, mmx, sse, sse2, sse3, ssse3, sse4.1, sse4.2, popcnt, avx, ht, tsc, tscinvbit

Memory: 4k page, physical 4085932k(1068176k free), swap 8170000k(2841892k free)

vm_info: Java HotSpot(TM) 64-Bit Server VM (24.0-b56) for windows-amd64 JRE (1.7.0_40-b43), built on Aug 26 2013 22:38:32 by "java_re" with unknown MS VC++:1600

time: Tue Jun 24 13:57:00 2014
elapsed time: 21 seconds

