#
# A fatal error has been detected by the Java Runtime Environment:
#
#  EXCEPTION_ACCESS_VIOLATION (0xc0000005) at pc=0x000000000f8f1559, pid=11156, tid=9708
#
# JRE version: Java(TM) SE Runtime Environment (7.0_40-b43) (build 1.7.0_40-b43)
# Java VM: Java HotSpot(TM) 64-Bit Server VM (24.0-b56 mixed mode windows-amd64 compressed oops)
# Problematic frame:
# C  [ig4icd64.dll+0x41559]
#
# Failed to write core dump. Minidumps are not enabled by default on client versions of Windows
#
# If you would like to submit a bug report, please visit:
#   http://bugreport.sun.com/bugreport/crash.jsp
# The crash happened outside the Java Virtual Machine in native code.
# See problematic frame for where to report the bug.
#

---------------  T H R E A D  ---------------

Current thread (0x0000000002279000):  JavaThread "Client thread" [_thread_in_native, id=9708, stack(0x0000000002730000,0x0000000002830000)]

siginfo: ExceptionCode=0xc0000005, reading address 0x0000000000000020

Registers:
RAX=0x0000000011e935a0, RBX=0x0000000000000001, RCX=0x0000000011e935a8, RDX=0x0000000000000088
RSP=0x000000000282e290, RBP=0x0000000020000004, RSI=0x0000000000000008, RDI=0x0000000000000000
R8 =0x0000000011e93590, R9 =0x0000000011e935a0, R10=0x00000000002e0158, R11=0x0000000000132440
R12=0x0000000000000020, R13=0x0000000000000000, R14=0x0000000020000003, R15=0x0000000000368458
RIP=0x000000000f8f1559, EFLAGS=0x0000000000010206

Top of Stack: (sp=0x000000000282e290)
0x000000000282e290:   0000000000000000 0000000011e935a0
0x000000000282e2a0:   0000000000000008 0000000000355900
0x000000000282e2b0:   0000000011d41ac0 fffffffffffffffe
0x000000000282e2c0:   0000000011f081c0 0000000011ee1201
0x000000000282e2d0:   0000000000000000 0000000011d41ad0
0x000000000282e2e0:   0000000011ee12c0 0000000011e935a0
0x000000000282e2f0:   0000000000000000 0000000011ee12c0
0x000000000282e300:   0000000002279000 000000000282e528
0x000000000282e310:   00000000fcc08008 0000000010af1098
0x000000000282e320:   0000000000355900 0000000000000008
0x000000000282e330:   0000000000000001 000000000f8f194f
0x000000000282e340:   0000000000000000 0000000000368458
0x000000000282e350:   0000000020000003 0000000000355900
0x000000000282e360:   fffffffffffffffe 000007fefdbcb5a2
0x000000000282e370:   0000000000000001 000000000f8f19c4
0x000000000282e380:   0000000000355900 0000000011d41ad0 

Instructions: (pc=0x000000000f8f1559)
0x000000000f8f1539:   89 44 24 30 48 8d 4c 24 30 e8 89 4e 00 00 48 89
0x000000000f8f1549:   44 24 58 48 89 7c 24 60 41 8d 2c 1e 4d 8d 65 20
0x000000000f8f1559:   49 8b 3c 24 48 85 ff 0f 84 40 01 00 00 8b 77 0c
0x000000000f8f1569:   44 3b f6 76 08 4c 8b e7 e9 a4 00 00 00 44 8b 6f 


Register to memory mapping:

RAX=0x0000000011e935a0 is an unknown value
RBX=0x0000000000000001 is an unknown value
RCX=0x0000000011e935a8 is an unknown value
RDX=0x0000000000000088 is an unknown value
RSP=0x000000000282e290 is pointing into the stack for thread: 0x0000000002279000
RBP=0x0000000020000004 is an unknown value
RSI=0x0000000000000008 is an unknown value
RDI=0x0000000000000000 is an unknown value
R8 =0x0000000011e93590 is an unknown value
R9 =0x0000000011e935a0 is an unknown value
R10=0x00000000002e0158 is an unknown value
R11=0x0000000000132440 is an unknown value
R12=0x0000000000000020 is an unknown value
R13=0x0000000000000000 is an unknown value
R14=0x0000000020000003 is an unknown value
R15=0x0000000000368458 is an unknown value


Stack: [0x0000000002730000,0x0000000002830000],  sp=0x000000000282e290,  free space=1016k
Native frames: (J=compiled Java code, j=interpreted, Vv=VM code, C=native code)
C  [ig4icd64.dll+0x41559]

Java frames: (J=compiled Java code, j=interpreted, Vv=VM code)
j  org.lwjgl.opengl.WindowsContextImplementation.nDestroy(Ljava/nio/ByteBuffer;)V+0
j  org.lwjgl.opengl.WindowsContextImplementation.destroy(Lorg/lwjgl/opengl/PeerInfo;Ljava/nio/ByteBuffer;)V+1
j  org.lwjgl.opengl.ContextGL.checkDestroy()V+29
j  org.lwjgl.opengl.ContextGL.destroy()V+48
j  org.lwjgl.opengl.ContextGL.forceDestroy()V+5
j  org.lwjgl.opengl.DrawableGL.destroy()V+24
j  org.lwjgl.opengl.Display$5.destroy()V+19
j  org.lwjgl.opengl.Display.destroy()V+9
j  net.minecraft.client.Minecraft.shutdownMinecraftApplet()V+37
j  net.minecraft.client.Minecraft.run()V+101
j  net.minecraft.client.main.Main.main([Ljava/lang/String;)V+819
v  ~StubRoutines::call_stub
j  sun.reflect.NativeMethodAccessorImpl.invoke0(Ljava/lang/reflect/Method;Ljava/lang/Object;[Ljava/lang/Object;)Ljava/lang/Object;+0
j  sun.reflect.NativeMethodAccessorImpl.invoke(Ljava/lang/Object;[Ljava/lang/Object;)Ljava/lang/Object;+87
j  sun.reflect.DelegatingMethodAccessorImpl.invoke(Ljava/lang/Object;[Ljava/lang/Object;)Ljava/lang/Object;+6
j  java.lang.reflect.Method.invoke(Ljava/lang/Object;[Ljava/lang/Object;)Ljava/lang/Object;+57
j  net.minecraft.launchwrapper.Launch.launch([Ljava/lang/String;)V+664
j  net.minecraft.launchwrapper.Launch.main([Ljava/lang/String;)V+8
v  ~StubRoutines::call_stub

---------------  P R O C E S S  ---------------

Java Threads: ( => current thread )
  0x000000000c95d000 JavaThread "Keep-Alive-Timer" daemon [_thread_blocked, id=10276, stack(0x0000000014a70000,0x0000000014b70000)]
  0x000000000c960000 JavaThread "LWJGL Timer" daemon [_thread_blocked, id=1068, stack(0x00000000145d0000,0x00000000146d0000)]
  0x000000000b83c000 JavaThread "Java2D Disposer" daemon [_thread_blocked, id=11256, stack(0x000000000f7b0000,0x000000000f8b0000)]
  0x000000000e225800 JavaThread "Timer hack thread" daemon [_thread_blocked, id=11648, stack(0x000000000f690000,0x000000000f790000)]
  0x000000000d98f800 JavaThread "Snooper Timer" daemon [_thread_blocked, id=10572, stack(0x000000000c280000,0x000000000c380000)]
  0x000000000a1d0800 JavaThread "Service Thread" daemon [_thread_blocked, id=10164, stack(0x000000000b0d0000,0x000000000b1d0000)]
  0x000000000a1c2800 JavaThread "C2 CompilerThread1" daemon [_thread_blocked, id=2720, stack(0x000000000af50000,0x000000000b050000)]
  0x000000000a1be000 JavaThread "C2 CompilerThread0" daemon [_thread_blocked, id=7100, stack(0x000000000a8c0000,0x000000000a9c0000)]
  0x000000000a1bd000 JavaThread "Attach Listener" daemon [_thread_blocked, id=3396, stack(0x000000000ae10000,0x000000000af10000)]
  0x000000000a1bc000 JavaThread "Signal Dispatcher" daemon [_thread_blocked, id=11252, stack(0x000000000ac70000,0x000000000ad70000)]
  0x000000000a1bb800 JavaThread "Surrogate Locker Thread (Concurrent GC)" daemon [_thread_blocked, id=2308, stack(0x000000000aa90000,0x000000000ab90000)]
  0x000000000a161800 JavaThread "Finalizer" daemon [_thread_blocked, id=4728, stack(0x000000000a7c0000,0x000000000a8c0000)]
  0x0000000009f4e800 JavaThread "Reference Handler" daemon [_thread_blocked, id=9392, stack(0x000000000a000000,0x000000000a100000)]
=>0x0000000002279000 JavaThread "Client thread" [_thread_in_native, id=9708, stack(0x0000000002730000,0x0000000002830000)]

Other Threads:
  0x0000000009f49800 VMThread [stack: 0x000000000a5e0000,0x000000000a6e0000] [id=9316]
  0x000000000a1e3000 WatcherThread [stack: 0x000000000b330000,0x000000000b430000] [id=10808]

VM state:not at safepoint (normal execution)

VM Mutex/Monitor currently owned by a thread: None

Heap
 par new generation   total 306688K, used 214442K [0x00000000bae00000, 0x00000000cfac0000, 0x00000000cfac0000)
  eden space 272640K,  73% used [0x00000000bae00000, 0x00000000c72823a0, 0x00000000cb840000)
  from space 34048K,  38% used [0x00000000cb840000, 0x00000000cc528648, 0x00000000cd980000)
  to   space 34048K,   0% used [0x00000000cd980000, 0x00000000cd980000, 0x00000000cfac0000)
 concurrent mark-sweep generation total 707840K, used 66642K [0x00000000cfac0000, 0x00000000fae00000, 0x00000000fae00000)
 concurrent-mark-sweep perm gen total 62196K, used 40581K [0x00000000fae00000, 0x00000000feabd000, 0x0000000100000000)

Card table byte_map: [0x0000000005c10000,0x0000000005e40000] byte_map_base: 0x0000000005639000

Polling page: 0x0000000000120000

Code Cache  [0x0000000002830000, 0x0000000002bc0000, 0x0000000005830000)
 total_blobs=1594 nmethods=966 adapters=580 free_code_cache=45639Kb largest_free_block=46654656

Compilation events (10 events):
Event: 26.359 Thread 0x000000000a1c2800 nmethod 1087 0x0000000002a37090 code [0x0000000002a371c0, 0x0000000002a37238]
Event: 26.438 Thread 0x000000000a1be000 nmethod 1084 0x0000000002badc10 code [0x0000000002bade00, 0x0000000002baffd8]
Event: 28.078 Thread 0x000000000a1c2800 1088             net.minecraft.client.renderer.Tessellator::setColorRGBA (139 bytes)
Event: 28.082 Thread 0x000000000a1c2800 nmethod 1088 0x0000000002a8b4d0 code [0x0000000002a8b600, 0x0000000002a8b6d8]
Event: 29.068 Thread 0x000000000a1be000 1089             net.minecraft.client.renderer.texture.TextureUtil::uploadTextureMipmap (62 bytes)
Event: 29.077 Thread 0x000000000a1be000 nmethod 1089 0x0000000002a23890 code [0x0000000002a239e0, 0x0000000002a23bb8]
Event: 29.463 Thread 0x000000000a1c2800 1090             net.minecraft.client.renderer.Tessellator::startDrawingQuads (7 bytes)
Event: 29.464 Thread 0x000000000a1be000 1091             net.minecraft.client.renderer.Tessellator::startDrawing (58 bytes)
Event: 29.465 Thread 0x000000000a1c2800 nmethod 1090 0x00000000028d8590 code [0x00000000028d86c0, 0x00000000028d8778]
Event: 29.466 Thread 0x000000000a1be000 nmethod 1091 0x0000000002b47650 code [0x0000000002b47780, 0x0000000002b47838]

GC Heap History (8 events):
Event: 9.175 GC heap before
{Heap before GC invocations=0 (full 0):
 par new generation   total 306688K, used 272640K [0x00000000bae00000, 0x00000000cfac0000, 0x00000000cfac0000)
  eden space 272640K, 100% used [0x00000000bae00000, 0x00000000cb840000, 0x00000000cb840000)
  from space 34048K,   0% used [0x00000000cb840000, 0x00000000cb840000, 0x00000000cd980000)
  to   space 34048K,   0% used [0x00000000cd980000, 0x00000000cd980000, 0x00000000cfac0000)
 concurrent mark-sweep generation total 707840K, used 0K [0x00000000cfac0000, 0x00000000fae00000, 0x00000000fae00000)
 concurrent-mark-sweep perm gen total 25856K, used 25755K [0x00000000fae00000, 0x00000000fc740000, 0x0000000100000000)
Event: 9.222 GC heap after
Heap after GC invocations=1 (full 0):
 par new generation   total 306688K, used 34047K [0x00000000bae00000, 0x00000000cfac0000, 0x00000000cfac0000)
  eden space 272640K,   0% used [0x00000000bae00000, 0x00000000bae00000, 0x00000000cb840000)
  from space 34048K,  99% used [0x00000000cd980000, 0x00000000cfabfff0, 0x00000000cfac0000)
  to   space 34048K,   0% used [0x00000000cb840000, 0x00000000cb840000, 0x00000000cd980000)
 concurrent mark-sweep generation total 707840K, used 963K [0x00000000cfac0000, 0x00000000fae00000, 0x00000000fae00000)
 concurrent-mark-sweep perm gen total 25856K, used 25755K [0x00000000fae00000, 0x00000000fc740000, 0x0000000100000000)
}
Event: 13.894 GC heap before
{Heap before GC invocations=1 (full 1):
 par new generation   total 306688K, used 306687K [0x00000000bae00000, 0x00000000cfac0000, 0x00000000cfac0000)
  eden space 272640K, 100% used [0x00000000bae00000, 0x00000000cb840000, 0x00000000cb840000)
  from space 34048K,  99% used [0x00000000cd980000, 0x00000000cfabfff0, 0x00000000cfac0000)
  to   space 34048K,   0% used [0x00000000cb840000, 0x00000000cb840000, 0x00000000cd980000)
 concurrent mark-sweep generation total 707840K, used 963K [0x00000000cfac0000, 0x00000000fae00000, 0x00000000fae00000)
 concurrent-mark-sweep perm gen total 33536K, used 33356K [0x00000000fae00000, 0x00000000fcec0000, 0x0000000100000000)
Event: 13.990 GC heap after
Heap after GC invocations=2 (full 1):
 par new generation   total 306688K, used 34048K [0x00000000bae00000, 0x00000000cfac0000, 0x00000000cfac0000)
  eden space 272640K,   0% used [0x00000000bae00000, 0x00000000bae00000, 0x00000000cb840000)
  from space 34048K, 100% used [0x00000000cb840000, 0x00000000cd980000, 0x00000000cd980000)
  to   space 34048K,   0% used [0x00000000cd980000, 0x00000000cd980000, 0x00000000cfac0000)
 concurrent mark-sweep generation total 707840K, used 33524K [0x00000000cfac0000, 0x00000000fae00000, 0x00000000fae00000)
 concurrent-mark-sweep perm gen total 33536K, used 33356K [0x00000000fae00000, 0x00000000fcec0000, 0x0000000100000000)
}
Event: 17.259 GC heap before
{Heap before GC invocations=2 (full 1):
 par new generation   total 306688K, used 293787K [0x00000000bae00000, 0x00000000cfac0000, 0x00000000cfac0000)
  eden space 272640K,  95% used [0x00000000bae00000, 0x00000000caba6e68, 0x00000000cb840000)
  from space 34048K, 100% used [0x00000000cb840000, 0x00000000cd980000, 0x00000000cd980000)
  to   space 34048K,   0% used [0x00000000cd980000, 0x00000000cd980000, 0x00000000cfac0000)
 concurrent mark-sweep generation total 707840K, used 33524K [0x00000000cfac0000, 0x00000000fae00000, 0x00000000fae00000)
 concurrent-mark-sweep perm gen total 36032K, used 35928K [0x00000000fae00000, 0x00000000fd130000, 0x0000000100000000)
Event: 17.342 GC heap after
Heap after GC invocations=3 (full 1):
 par new generation   total 306688K, used 34048K [0x00000000bae00000, 0x00000000cfac0000, 0x00000000cfac0000)
  eden space 272640K,   0% used [0x00000000bae00000, 0x00000000bae00000, 0x00000000cb840000)
  from space 34048K, 100% used [0x00000000cd980000, 0x00000000cfac0000, 0x00000000cfac0000)
  to   space 34048K,   0% used [0x00000000cb840000, 0x00000000cb840000, 0x00000000cd980000)
 concurrent mark-sweep generation total 707840K, used 59276K [0x00000000cfac0000, 0x00000000fae00000, 0x00000000fae00000)
 concurrent-mark-sweep perm gen total 36032K, used 35928K [0x00000000fae00000, 0x00000000fd130000, 0x0000000100000000)
}
Event: 20.494 GC heap before
{Heap before GC invocations=3 (full 1):
 par new generation   total 306688K, used 303247K [0x00000000bae00000, 0x00000000cfac0000, 0x00000000cfac0000)
  eden space 272640K,  98% used [0x00000000bae00000, 0x00000000cb4e3fd0, 0x00000000cb840000)
  from space 34048K, 100% used [0x00000000cd980000, 0x00000000cfac0000, 0x00000000cfac0000)
  to   space 34048K,   0% used [0x00000000cb840000, 0x00000000cb840000, 0x00000000cd980000)
 concurrent mark-sweep generation total 707840K, used 59276K [0x00000000cfac0000, 0x00000000fae00000, 0x00000000fae00000)
 concurrent-mark-sweep perm gen total 62196K, used 37763K [0x00000000fae00000, 0x00000000feabd000, 0x0000000100000000)
Event: 20.526 GC heap after
Heap after GC invocations=4 (full 1):
 par new generation   total 306688K, used 13217K [0x00000000bae00000, 0x00000000cfac0000, 0x00000000cfac0000)
  eden space 272640K,   0% used [0x00000000bae00000, 0x00000000bae00000, 0x00000000cb840000)
  from space 34048K,  38% used [0x00000000cb840000, 0x00000000cc528648, 0x00000000cd980000)
  to   space 34048K,   0% used [0x00000000cd980000, 0x00000000cd980000, 0x00000000cfac0000)
 concurrent mark-sweep generation total 707840K, used 66642K [0x00000000cfac0000, 0x00000000fae00000, 0x00000000fae00000)
 concurrent-mark-sweep perm gen total 62196K, used 37763K [0x00000000fae00000, 0x00000000feabd000, 0x0000000100000000)
}

Deoptimization events (10 events):
Event: 21.609 Thread 0x000000000c95f000 Uncommon trap: reason=unreached action=reinterpret pc=0x0000000002a87308 method=java.lang.Integer.parseInt(Ljava/lang/String;I)I @ 1
Event: 22.257 Thread 0x0000000002279000 Uncommon trap: reason=unreached action=reinterpret pc=0x0000000002abbb54 method=java.net.URLStreamHandler.parseURL(Ljava/net/URL;Ljava/lang/String;II)V @ 682
Event: 22.267 Thread 0x0000000002279000 Uncommon trap: reason=null_check action=make_not_entrant pc=0x0000000002a21490 method=net.minecraft.client.renderer.texture.TextureManager.bindTexture(Lnet/minecraft/util/ResourceLocation;)V @ 10
Event: 22.270 Thread 0x0000000002279000 Uncommon trap: reason=class_check action=maybe_recompile pc=0x0000000002ab7f0c method=java.awt.image.BufferedImage.getRGB(IIII[III)[I @ 205
Event: 22.297 Thread 0x000000000c95e800 Uncommon trap: reason=bimorphic action=maybe_recompile pc=0x00000000029b364c method=java.net.URL.openConnection()Ljava/net/URLConnection; @ 5
Event: 26.155 Thread 0x000000000c95e800 Uncommon trap: reason=bimorphic action=maybe_recompile pc=0x00000000029b364c method=java.net.URL.openConnection()Ljava/net/URLConnection; @ 5
Event: 26.608 Thread 0x000000000c95d000 Uncommon trap: reason=class_check action=maybe_recompile pc=0x0000000002907288 method=java.util.AbstractList.subList(II)Ljava/util/List; @ 1
Event: 26.608 Thread 0x000000000c95d000 Uncommon trap: reason=class_check action=maybe_recompile pc=0x00000000029446f4 method=java.util.SubList.<init>(Ljava/util/AbstractList;II)V @ 37
Event: 26.609 Thread 0x000000000c95d000 Uncommon trap: reason=class_check action=maybe_recompile pc=0x0000000002907288 method=java.util.AbstractList.subList(II)Ljava/util/List; @ 1
Event: 26.609 Thread 0x000000000c95d000 Uncommon trap: reason=class_check action=maybe_recompile pc=0x00000000029446f4 method=java.util.SubList.<init>(Ljava/util/AbstractList;II)V @ 37

Internal exceptions (10 events):
Event: 26.281 Thread 0x000000000c95d800 Threw 0x00000000c62081b0 at C:\jdk7u2_64p\jdk7u40\hotspot\src\share\vm\prims\jvm.cpp:2965
Event: 29.269 Thread 0x000000000c95e800 Threw 0x00000000c61f8060 at C:\jdk7u2_64p\jdk7u40\hotspot\src\share\vm\prims\jvm.cpp:2965
Event: 29.270 Thread 0x000000000c95e800 Threw 0x00000000c61f8df0 at C:\jdk7u2_64p\jdk7u40\hotspot\src\share\vm\prims\jvm.cpp:2917
Event: 29.935 Thread 0x000000000c95e800 Threw 0x00000000c61f8f60 at C:\jdk7u2_64p\jdk7u40\hotspot\src\share\vm\prims\jvm.cpp:2965
Event: 29.936 Thread 0x000000000c95e800 Threw 0x00000000c61fb7d0 at C:\jdk7u2_64p\jdk7u40\hotspot\src\share\vm\prims\jvm.cpp:2917
Event: 29.978 Thread 0x000000000c95e800 Threw 0x00000000c61fb940 at C:\jdk7u2_64p\jdk7u40\hotspot\src\share\vm\prims\jvm.cpp:2965
Event: 29.978 Thread 0x000000000c95e800 Threw 0x00000000c61fbab0 at C:\jdk7u2_64p\jdk7u40\hotspot\src\share\vm\prims\jvm.cpp:2917
Event: 29.978 Thread 0x000000000c95e800 Threw 0x00000000c61fbc20 at C:\jdk7u2_64p\jdk7u40\hotspot\src\share\vm\prims\jvm.cpp:2917
Event: 29.978 Thread 0x000000000c95e800 Threw 0x00000000c61fbd90 at C:\jdk7u2_64p\jdk7u40\hotspot\src\share\vm\prims\jvm.cpp:2965
Event: 30.078 Thread 0x000000000c95d800 Threw 0x00000000c71cee18 at C:\jdk7u2_64p\jdk7u40\hotspot\src\share\vm\prims\jvm.cpp:2965

Events (10 events):
Event: 29.936 Executing VM operation: RevokeBias
Event: 29.936 Executing VM operation: RevokeBias done
Event: 29.978 Thread 0x000000000c95e800 Thread exited: 0x000000000c95e800
Event: 30.078 Executing VM operation: RevokeBias
Event: 30.078 Executing VM operation: RevokeBias done
Event: 30.079 Thread 0x000000000c95d800 Thread exited: 0x000000000c95d800
Event: 30.179 Executing VM operation: RevokeBias
Event: 30.179 Executing VM operation: RevokeBias done
Event: 30.185 Executing VM operation: RevokeBias
Event: 30.185 Executing VM operation: RevokeBias done


Dynamic libraries:
0x000000013f4d0000 - 0x000000013f503000 	C:\Program Files\Java\jre7\bin\javaw.exe
0x0000000077ab0000 - 0x0000000077c59000 	C:\Windows\SYSTEM32\ntdll.dll
0x0000000077890000 - 0x00000000779af000 	C:\Windows\system32\kernel32.dll
0x000007fefdbb0000 - 0x000007fefdc1c000 	C:\Windows\system32\KERNELBASE.dll
0x000007fefeca0000 - 0x000007fefed7b000 	C:\Windows\system32\ADVAPI32.dll
0x000007fefe000000 - 0x000007fefe09f000 	C:\Windows\system32\msvcrt.dll
0x000007fefe960000 - 0x000007fefe97f000 	C:\Windows\SYSTEM32\sechost.dll
0x000007fefdeb0000 - 0x000007fefdfdd000 	C:\Windows\system32\RPCRT4.dll
0x00000000779b0000 - 0x0000000077aaa000 	C:\Windows\system32\USER32.dll
0x000007fefead0000 - 0x000007fefeb37000 	C:\Windows\system32\GDI32.dll
0x000007feffdb0000 - 0x000007feffdbe000 	C:\Windows\system32\LPK.dll
0x000007fefdca0000 - 0x000007fefdd69000 	C:\Windows\system32\USP10.dll
0x000007fefc490000 - 0x000007fefc684000 	C:\Windows\WinSxS\amd64_microsoft.windows.common-controls_6595b64144ccf1df_6.0.7601.17514_none_fa396087175ac9ac\COMCTL32.dll
0x000007fefea20000 - 0x000007fefea91000 	C:\Windows\system32\SHLWAPI.dll
0x000007fefeaa0000 - 0x000007fefeace000 	C:\Windows\system32\IMM32.DLL
0x000007fefe800000 - 0x000007fefe909000 	C:\Windows\system32\MSCTF.dll
0x000000005f350000 - 0x000000005f421000 	C:\Program Files\Java\jre7\bin\msvcr100.dll
0x0000000056ef0000 - 0x00000000576b9000 	C:\Program Files\Java\jre7\bin\server\jvm.dll
0x000007fef04d0000 - 0x000007fef04d9000 	C:\Windows\system32\WSOCK32.dll
0x000007fefe910000 - 0x000007fefe95d000 	C:\Windows\system32\WS2_32.dll
0x000007feffda0000 - 0x000007feffda8000 	C:\Windows\system32\NSI.dll
0x000007fefbb20000 - 0x000007fefbb5b000 	C:\Windows\system32\WINMM.dll
0x0000000077c80000 - 0x0000000077c87000 	C:\Windows\system32\PSAPI.DLL
0x0000000073e90000 - 0x0000000073e9f000 	C:\Program Files\Java\jre7\bin\verify.dll
0x00000000679a0000 - 0x00000000679c8000 	C:\Program Files\Java\jre7\bin\java.dll
0x000000006f080000 - 0x000000006f095000 	C:\Program Files\Java\jre7\bin\zip.dll
0x0000000074960000 - 0x000000007496b000 	C:\Program Files\Java\jre7\bin\management.dll
0x0000000066100000 - 0x0000000066119000 	C:\Program Files\Java\jre7\bin\net.dll
0x000007fefd0c0000 - 0x000007fefd115000 	C:\Windows\system32\mswsock.dll
0x000007fefd0b0000 - 0x000007fefd0b7000 	C:\Windows\System32\wship6.dll
0x0000000067fb0000 - 0x0000000067fc1000 	C:\Program Files\Java\jre7\bin\nio.dll
0x000007fefbb00000 - 0x000007fefbb15000 	C:\Windows\system32\NLAapi.dll
0x000007fef8360000 - 0x000007fef8375000 	C:\Windows\system32\napinsp.dll
0x000007fef0c30000 - 0x000007fef0c49000 	C:\Windows\system32\pnrpnsp.dll
0x000007fefcf40000 - 0x000007fefcf9b000 	C:\Windows\system32\DNSAPI.dll
0x000007fef4d20000 - 0x000007fef4d2b000 	C:\Windows\System32\winrnr.dll
0x000007fef4ca0000 - 0x000007fef4cb0000 	C:\Windows\system32\wshbth.dll
0x000007fefa170000 - 0x000007fefa19e000 	C:\Program Files\Common Files\Microsoft Shared\Windows Live\WLIDNSP.DLL
0x00000000724a0000 - 0x00000000724c6000 	C:\Program Files\Bonjour\mdnsNSP.dll
0x000007fefafa0000 - 0x000007fefafc7000 	C:\Windows\system32\Iphlpapi.DLL
0x000007fefb080000 - 0x000007fefb08b000 	C:\Windows\system32\WINNSI.DLL
0x000007fefca50000 - 0x000007fefca57000 	C:\Windows\System32\wshtcpip.dll
0x000007fefa160000 - 0x000007fefa168000 	C:\Windows\system32\rasadhlp.dll
0x000007fefb020000 - 0x000007fefb073000 	C:\Windows\System32\fwpuclnt.dll
0x0000000180000000 - 0x0000000180050000 	C:\Users\Emma\Desktop\Modding\build\natives\lwjgl64.dll
0x000007fefb740000 - 0x000007fefb85d000 	C:\Windows\system32\OPENGL32.dll
0x000007fefc6a0000 - 0x000007fefc6cd000 	C:\Windows\system32\GLU32.dll
0x000007fef6980000 - 0x000007fef6a71000 	C:\Windows\system32\DDRAW.dll
0x000007fefc690000 - 0x000007fefc698000 	C:\Windows\system32\DCIMAN32.dll
0x000007fefe350000 - 0x000007fefe527000 	C:\Windows\system32\SETUPAPI.dll
0x000007fefdc20000 - 0x000007fefdc56000 	C:\Windows\system32\CFGMGR32.dll
0x000007fefddd0000 - 0x000007fefdea7000 	C:\Windows\system32\OLEAUT32.dll
0x000007feffb90000 - 0x000007feffd93000 	C:\Windows\system32\ole32.dll
0x000007fefda90000 - 0x000007fefdaaa000 	C:\Windows\system32\DEVOBJ.dll
0x000007fefb6a0000 - 0x000007fefb6b8000 	C:\Windows\system32\dwmapi.dll
0x000007fefc980000 - 0x000007fefc98c000 	C:\Windows\system32\VERSION.dll
0x000007fefd120000 - 0x000007fefd137000 	C:\Windows\system32\CRYPTSP.dll
0x000007fefce20000 - 0x000007fefce67000 	C:\Windows\system32\rsaenh.dll
0x000007fefdc70000 - 0x000007fefdc8e000 	C:\Windows\system32\USERENV.dll
0x000007fefd8f0000 - 0x000007fefd8ff000 	C:\Windows\system32\profapi.dll
0x000007fefd780000 - 0x000007fefd78f000 	C:\Windows\system32\CRYPTBASE.dll
0x000000005ecb0000 - 0x000000005ee45000 	C:\Program Files\Java\jre7\bin\awt.dll
0x000007fefc2b0000 - 0x000007fefc306000 	C:\Windows\system32\uxtheme.dll
0x000000000f8b0000 - 0x00000000109e5000 	C:\Windows\system32\ig4icd64.dll
0x000007feed960000 - 0x000007feed9fc000 	C:\Windows\system32\mscms.dll
0x000007fef7460000 - 0x000007fef74a2000 	C:\Windows\system32\icm32.dll
0x0000000005a90000 - 0x0000000005af4000 	C:\Users\Emma\Desktop\Modding\build\natives\OpenAL64.dll
0x000007fefee00000 - 0x000007feffb88000 	C:\Windows\system32\SHELL32.dll
0x000007fefe980000 - 0x000007fefea19000 	C:\Windows\system32\CLBCatQ.DLL
0x000007fefbdc0000 - 0x000007fefbe0b000 	C:\Windows\System32\MMDevApi.dll
0x000007fefc310000 - 0x000007fefc43c000 	C:\Windows\System32\PROPSYS.dll
0x000007fef68f0000 - 0x000007fef6978000 	C:\Windows\system32\dsound.dll
0x000007fefbe10000 - 0x000007fefbe3c000 	C:\Windows\system32\POWRPROF.dll
0x000007fefba00000 - 0x000007fefba4f000 	C:\Windows\system32\AUDIOSES.DLL
0x0000000065da0000 - 0x0000000065dc4000 	C:\Program Files\Java\jre7\bin\sunec.dll
0x0000000074980000 - 0x000000007498b000 	C:\Program Files\Java\jre7\bin\sunmscapi.dll
0x000007fefd900000 - 0x000007fefda6c000 	C:\Windows\system32\CRYPT32.dll
0x000007fefd8e0000 - 0x000007fefd8ef000 	C:\Windows\system32\MSASN1.dll
0x000007fee7ca0000 - 0x000007fee7dc5000 	C:\Windows\system32\dbghelp.dll

VM Arguments:
jvm_args: -Xincgc -Xmx1024M -Xms1024M -Dfml.ignoreInvalidMinecraftCertificates=true -Djava.library.path=C:\Users\Emma\Desktop\Modding\build\natives;C:\Users\Emma\Desktop\Modding\build\natives;C:\Users\Emma\Desktop\Modding\build\natives;C:\Users\Emma\Desktop\Modding\build\natives;C:\Users\Emma\Desktop\Modding\build\natives;C:\Users\Emma\Desktop\Modding\build\natives;C:\Users\Emma\Desktop\Modding\build\natives;C:\Users\Emma\Desktop\Modding\build\natives;C:\Users\Emma\Desktop\Modding\build\natives;C:\Users\Emma\Desktop\Modding\build\natives -Dfile.encoding=Cp1252 
java_command: net.minecraft.launchwrapper.Launch --version 1.6 --tweakClass cpw.mods.fml.common.launcher.FMLTweaker --accessToken FML
Launcher Type: SUN_STANDARD

Environment Variables:
PATH=C:\Program Files (x86)\AMD APP\bin\x86_64;C:\Program Files (x86)\AMD APP\bin\x86;C:\Program Files\Common Files\Microsoft Shared\Windows Live;C:\Program Files (x86)\Common Files\Microsoft Shared\Windows Live;C:\Windows\system32;C:\Windows;C:\Windows\System32\Wbem;C:\Windows\System32\WindowsPowerShell\v1.0\;C:\Program Files (x86)\Windows Live\Shared;C:\Program Files (x86)\Common Files\Roxio Shared\DLLShared\;C:\Program Files (x86)\Common Files\Roxio Shared\OEM\DLLShared\;C:\Program Files (x86)\Common Files\Roxio Shared\OEM\DLLShared\;C:\Program Files (x86)\Common Files\Roxio Shared\OEM\12.0\DLLShared\;C:\Program Files (x86)\Roxio\OEM\AudioCore\;C:\Program Files\Intel\WiFi\bin\;C:\Program Files\Common Files\Intel\WirelessCommon\;C:\Program Files (x86)\QuickTime\QTSystem\;C:\Program Files\Intel\WiFi\bin\;C:\Program Files\Common Files\Intel\WirelessCommon\
USERNAME=Emma
OS=Windows_NT
PROCESSOR_IDENTIFIER=Intel64 Family 6 Model 42 Stepping 7, GenuineIntel



---------------  S Y S T E M  ---------------

OS: Windows 7 , 64 bit Build 7601 Service Pack 1

CPU:total 4 (2 cores per cpu, 2 threads per core) family 6 model 42 stepping 7, cmov, cx8, fxsr, mmx, sse, sse2, sse3, ssse3, sse4.1, sse4.2, popcnt, avx, ht, tsc, tscinvbit

Memory: 4k page, physical 4085932k(1160376k free), swap 8170000k(2704820k free)

vm_info: Java HotSpot(TM) 64-Bit Server VM (24.0-b56) for windows-amd64 JRE (1.7.0_40-b43), built on Aug 26 2013 22:38:32 by "java_re" with unknown MS VC++:1600

time: Wed Jun 25 16:03:14 2014
elapsed time: 30 seconds

